TN:
SF:contracts/JBXBuybackDelegate.sol
FN:165,JBXBuybackDelegate.payParams
FNDA:4,JBXBuybackDelegate.payParams
DA:174,4
DA:177,4
DA:180,4
BRDA:180,0,0,-
BRDA:180,0,1,3
DA:182,3
DA:183,3
DA:186,3
DA:187,3
DA:192,3
DA:196,1
FN:212,JBXBuybackDelegate.didPay
FNDA:3,JBXBuybackDelegate.didPay
DA:214,3
BRDA:214,1,0,-
BRDA:214,1,1,3
DA:217,3
DA:218,3
DA:221,3
DA:222,3
DA:225,3
DA:226,3
DA:229,3
BRDA:229,2,0,-
BRDA:229,2,1,1
DA:231,1
DA:234,1
BRDA:234,3,0,-
BRDA:234,3,1,1
DA:235,2
FN:245,JBXBuybackDelegate.uniswapV3SwapCallback
FNDA:1,JBXBuybackDelegate.uniswapV3SwapCallback
DA:251,1
BRDA:251,4,0,-
BRDA:251,4,1,1
DA:254,1
DA:257,1
DA:258,1
DA:261,1
BRDA:261,5,0,-
BRDA:261,5,1,1
DA:264,1
DA:265,0
FN:268,JBXBuybackDelegate.redeemParams
FNDA:0,JBXBuybackDelegate.redeemParams
FN:296,JBXBuybackDelegate._swap
FNDA:1,JBXBuybackDelegate._swap
DA:298,1
DA:313,1
DA:319,1
DA:322,1
BRDA:322,6,0,-
BRDA:322,6,1,1
DA:325,1
BRDA:325,7,0,-
BRDA:325,7,1,1
DA:326,1
DA:329,1
DA:338,1
DA:348,1
DA:350,1
BRDA:350,8,0,-
BRDA:350,8,1,1
DA:351,1
DA:360,1
FN:370,JBXBuybackDelegate._mint
FNDA:2,JBXBuybackDelegate._mint
DA:371,2
DA:374,2
DA:384,2
DA:388,2
FN:395,JBXBuybackDelegate.supportsInterface
FNDA:0,JBXBuybackDelegate.supportsInterface
DA:396,0
FNF:7
FNH:5
LF:44
LH:42
BRF:18
BRH:9
end_of_record
TN:
SF:contracts/mock/MockAllocator.sol
FN:19,MockAllocator.allocate
FNDA:1,MockAllocator.allocate
DA:22,1
DA:36,1
DA:39,1
BRDA:39,0,0,1
BRDA:39,0,1,-
FN:43,MockAllocator.supportsInterface
FNDA:0,MockAllocator.supportsInterface
DA:49,0
FNF:2
FNH:1
LF:4
LH:3
BRF:2
BRH:1
end_of_record
TN:
SF:contracts/test/helpers/AccessJBLib.sol
FN:9,AccessJBLib.ETH
FNDA:0,AccessJBLib.ETH
DA:10,0
FN:13,AccessJBLib.USD
FNDA:0,AccessJBLib.USD
DA:14,0
FN:17,AccessJBLib.ETHToken
FNDA:1,AccessJBLib.ETHToken
DA:18,1
FN:21,AccessJBLib.MAX_FEE
FNDA:0,AccessJBLib.MAX_FEE
DA:22,0
FN:25,AccessJBLib.SPLITS_TOTAL_PERCENT
FNDA:0,AccessJBLib.SPLITS_TOTAL_PERCENT
DA:26,0
FNF:5
FNH:1
LF:5
LH:1
BRF:0
BRH:0
end_of_record
TN:
SF:contracts/test/helpers/TestBaseWorkflowV3.sol
FN:83,TestBaseWorkflowV3.multisig
FNDA:0,TestBaseWorkflowV3.multisig
DA:84,0
FN:87,TestBaseWorkflowV3.beneficiary
FNDA:0,TestBaseWorkflowV3.beneficiary
DA:88,0
FN:91,TestBaseWorkflowV3.jbOperatorStore
FNDA:0,TestBaseWorkflowV3.jbOperatorStore
DA:92,0
FN:95,TestBaseWorkflowV3.jbProjects
FNDA:0,TestBaseWorkflowV3.jbProjects
DA:96,0
FN:99,TestBaseWorkflowV3.jbPrices
FNDA:0,TestBaseWorkflowV3.jbPrices
DA:100,0
FN:103,TestBaseWorkflowV3.jbDirectory
FNDA:0,TestBaseWorkflowV3.jbDirectory
DA:104,0
FN:107,TestBaseWorkflowV3.jbFundingCycleStore
FNDA:0,TestBaseWorkflowV3.jbFundingCycleStore
DA:108,0
FN:111,TestBaseWorkflowV3.jbTokenStore
FNDA:0,TestBaseWorkflowV3.jbTokenStore
DA:112,0
FN:115,TestBaseWorkflowV3.jbSplitsStore
FNDA:0,TestBaseWorkflowV3.jbSplitsStore
DA:116,0
FN:119,TestBaseWorkflowV3.jbController
FNDA:0,TestBaseWorkflowV3.jbController
DA:120,0
FN:123,TestBaseWorkflowV3.jbPaymentTerminalStore
FNDA:0,TestBaseWorkflowV3.jbPaymentTerminalStore
DA:124,0
FN:127,TestBaseWorkflowV3.jbETHPaymentTerminal
FNDA:0,TestBaseWorkflowV3.jbETHPaymentTerminal
DA:128,0
FN:131,TestBaseWorkflowV3.jbLibraries
FNDA:0,TestBaseWorkflowV3.jbLibraries
DA:132,0
FN:140,TestBaseWorkflowV3.setUp
FNDA:0,TestBaseWorkflowV3.setUp
DA:142,0
DA:143,0
DA:146,0
DA:147,0
DA:150,0
DA:151,0
DA:154,0
DA:155,0
DA:157,0
DA:160,0
DA:161,0
DA:164,0
DA:165,0
DA:168,0
DA:169,0
DA:172,0
DA:173,0
DA:176,0
DA:184,0
DA:186,0
DA:187,0
DA:190,0
DA:195,0
DA:198,0
DA:201,0
DA:211,0
FN:215,TestBaseWorkflowV3.addressFrom
FNDA:0,TestBaseWorkflowV3.addressFrom
DA:216,0
DA:217,0
BRDA:217,0,0,-
BRDA:217,0,1,-
DA:218,0
BRDA:218,1,0,-
BRDA:218,1,1,-
DA:219,0
DA:220,0
BRDA:220,2,0,-
BRDA:220,2,1,-
DA:221,0
DA:222,0
BRDA:222,3,0,-
BRDA:222,3,1,-
DA:223,0
DA:224,0
BRDA:224,4,0,-
BRDA:224,4,1,-
DA:225,0
DA:226,0
DA:227,0
DA:230,0
FNF:15
FNH:0
LF:52
LH:0
BRF:10
BRH:0
end_of_record
TN:
SF:node_modules/@jbx-protocol/juice-contracts-v3/contracts/JBController.sol
FN:157,JBController.distributionLimitOf
FNDA:1,JBController.distributionLimitOf
DA:164,1
DA:167,1
FN:185,JBController.overflowAllowanceOf
FNDA:0,JBController.overflowAllowanceOf
DA:192,0
DA:195,0
FN:207,JBController.reservedTokenBalanceOf
FNDA:3,JBController.reservedTokenBalanceOf
DA:213,3
FN:230,JBController.totalOutstandingTokensOf
FNDA:0,JBController.totalOutstandingTokensOf
DA:237,0
DA:240,0
DA:247,0
FN:259,JBController.getFundingCycleOf
FNDA:0,JBController.getFundingCycleOf
DA:265,0
DA:266,0
FN:279,JBController.latestConfiguredFundingCycleOf
FNDA:0,JBController.latestConfiguredFundingCycleOf
DA:289,0
DA:290,0
FN:302,JBController.currentFundingCycleOf
FNDA:1,JBController.currentFundingCycleOf
DA:308,1
DA:309,1
FN:321,JBController.queuedFundingCycleOf
FNDA:0,JBController.queuedFundingCycleOf
DA:327,0
DA:328,0
FN:344,JBController.supportsInterface
FNDA:0,JBController.supportsInterface
DA:351,0
FN:411,JBController.launchProjectFor
FNDA:2,JBController.launchProjectFor
DA:423,2
DA:426,2
DA:429,2
DA:432,2
DA:442,2
BRDA:442,0,0,-
BRDA:442,0,1,2
DA:444,2
FN:468,JBController.launchFundingCyclesFor
FNDA:0,JBController.launchFundingCyclesFor
DA:485,0
BRDA:485,1,0,-
BRDA:485,1,1,-
DA:486,0
DA:489,0
DA:492,0
DA:502,0
BRDA:502,2,0,-
BRDA:502,2,1,-
DA:504,0
FN:524,JBController.reconfigureFundingCyclesOf
FNDA:0,JBController.reconfigureFundingCyclesOf
DA:540,0
DA:549,0
FN:568,JBController.mintTokensOf
FNDA:5,JBController.mintTokensOf
DA:577,5
BRDA:577,3,0,-
BRDA:577,3,1,5
DA:581,5
DA:586,5
DA:589,5
DA:599,5
BRDA:598,4,0,-
BRDA:598,4,1,5
DA:602,0
DA:605,5
DA:608,5
DA:613,5
BRDA:613,5,0,-
BRDA:613,5,1,5
DA:615,0
DA:620,5
DA:626,5
BRDA:626,6,0,1
BRDA:626,6,1,5
DA:628,1
DA:633,5
DA:636,5
FN:660,JBController.burnTokensOf
FNDA:2,JBController.burnTokensOf
DA:678,2
BRDA:678,7,0,-
BRDA:678,7,1,2
DA:681,2
DA:685,2
BRDA:684,8,0,-
BRDA:684,8,1,2
DA:687,0
DA:690,2
DA:695,2
DA:697,2
FN:709,JBController.distributeReservedTokensOf
FNDA:0,JBController.distributeReservedTokensOf
DA:715,0
FN:728,JBController.prepForMigrationOf
FNDA:0,JBController.prepForMigrationOf
DA:730,0
BRDA:730,9,0,-
BRDA:730,9,1,-
DA:731,0
DA:734,0
DA:736,0
FN:749,JBController.migrate
FNDA:0,JBController.migrate
DA:756,0
DA:759,0
BRDA:759,10,0,-
BRDA:759,10,1,-
DA:762,0
DA:765,0
BRDA:765,11,0,-
BRDA:765,11,1,-
DA:769,0
BRDA:768,12,0,-
BRDA:768,12,1,-
DA:771,0
DA:774,0
DA:777,0
DA:779,0
FN:795,JBController._distributeReservedTokensOf
FNDA:0,JBController._distributeReservedTokensOf
DA:800,0
DA:803,0
DA:806,0
DA:809,0
DA:816,0
DA:819,0
DA:822,0
DA:832,0
BRDA:832,13,0,-
BRDA:832,13,1,-
DA:833,0
DA:835,0
FN:858,JBController._distributeToReservedTokenSplitsOf
FNDA:0,JBController._distributeToReservedTokenSplitsOf
DA:865,0
DA:868,0
DA:871,0
DA:874,0
DA:876,0
DA:879,0
DA:886,0
BRDA:886,14,0,-
BRDA:886,14,1,-
DA:887,0
DA:904,0
BRDA:904,15,0,-
BRDA:904,15,1,-
DA:905,0
DA:917,0
DA:920,0
DA:930,0
FN:948,JBController._configure
FNDA:2,JBController._configure
DA:957,2
BRDA:957,16,0,-
BRDA:957,16,1,2
DA:960,2
BRDA:960,17,0,-
BRDA:960,17,1,2
DA:961,0
DA:964,2
BRDA:964,18,0,-
BRDA:964,18,1,2
DA:965,0
DA:968,2
DA:976,2
DA:979,2
DA:980,2
DA:983,2
BRDA:983,19,0,-
BRDA:983,19,1,2
DA:986,2
BRDA:986,20,0,-
BRDA:986,20,1,2
DA:987,0
DA:990,2
BRDA:990,21,0,-
BRDA:990,21,1,2
DA:993,2
BRDA:993,22,0,-
BRDA:993,22,1,2
DA:994,0
DA:997,2
BRDA:997,23,0,2
BRDA:997,23,1,2
DA:998,2
DA:1005,2
BRDA:1005,24,0,2
BRDA:1005,24,1,2
DA:1006,2
DA:1012,2
DA:1021,2
DA:1025,2
FN:1038,JBController._reservedTokenAmountFrom
FNDA:3,JBController._reservedTokenAmountFrom
DA:1044,3
DA:1049,3
BRDA:1049,25,0,-
BRDA:1049,25,1,3
DA:1052,3
BRDA:1052,26,0,-
BRDA:1052,26,1,3
DA:1054,3
FNF:21
FNH:8
LF:116
LH:52
BRF:54
BRH:21
end_of_record
TN:
SF:node_modules/@jbx-protocol/juice-contracts-v3/contracts/JBDirectory.sol
FN:105,JBDirectory.terminalsOf
FNDA:0,JBDirectory.terminalsOf
DA:111,0
FN:126,JBDirectory.primaryTerminalOf
FNDA:1,JBDirectory.primaryTerminalOf
DA:133,1
DA:137,1
BRDA:136,0,0,-
BRDA:136,0,1,1
DA:139,0
DA:142,1
DA:145,1
DA:147,1
DA:150,1
BRDA:150,1,0,1
BRDA:150,1,1,-
DA:153,0
DA:158,0
FN:174,JBDirectory.isTerminalOf
FNDA:14,JBDirectory.isTerminalOf
DA:181,14
DA:184,14
DA:186,14
BRDA:186,2,0,8
BRDA:186,2,1,6
DA:189,6
DA:194,6
FN:236,JBDirectory.setControllerOf
FNDA:2,JBDirectory.setControllerOf
DA:248,2
BRDA:248,3,0,-
BRDA:248,3,1,2
DA:251,2
DA:255,2
BRDA:254,4,0,-
BRDA:254,4,1,2
DA:258,0
DA:261,2
DA:263,2
FN:276,JBDirectory.setTerminalsOf
FNDA:2,JBDirectory.setTerminalsOf
DA:287,2
DA:291,2
BRDA:290,5,0,-
BRDA:290,5,1,2
DA:292,0
DA:295,2
DA:298,2
BRDA:298,6,0,-
BRDA:298,6,1,-
DA:299,0
DA:300,0
DA:301,0
BRDA:301,7,0,-
BRDA:301,7,1,-
DA:304,0
DA:309,0
DA:313,2
FN:331,JBDirectory.setPrimaryTerminalOf
FNDA:0,JBDirectory.setPrimaryTerminalOf
DA:341,0
BRDA:341,8,0,-
BRDA:341,8,1,-
DA:344,0
DA:347,0
DA:349,0
FN:367,JBDirectory.setIsAllowedToSetFirstController
FNDA:0,JBDirectory.setIsAllowedToSetFirstController
DA:373,0
DA:375,0
FN:389,JBDirectory._addTerminalIfNeeded
FNDA:0,JBDirectory._addTerminalIfNeeded
DA:391,0
BRDA:391,9,0,-
BRDA:391,9,1,-
DA:394,0
DA:398,0
BRDA:397,10,0,-
BRDA:397,10,1,-
DA:399,0
DA:402,0
DA:404,0
FNF:8
FNH:4
LF:44
LH:21
BRF:22
BRH:7
end_of_record
TN:
SF:node_modules/@jbx-protocol/juice-contracts-v3/contracts/JBETHPaymentTerminal.sol
FN:27,JBETHPaymentTerminal._balance
FNDA:0,JBETHPaymentTerminal._balance
DA:28,0
FN:86,JBETHPaymentTerminal._transferFrom
FNDA:0,JBETHPaymentTerminal._transferFrom
DA:93,0
FNF:2
FNH:0
LF:2
LH:0
BRF:0
BRH:0
end_of_record
TN:
SF:node_modules/@jbx-protocol/juice-contracts-v3/contracts/JBFundingCycleStore.sol
FN:87,JBFundingCycleStore.get
FNDA:0,JBFundingCycleStore.get
DA:93,0
FN:105,JBFundingCycleStore.latestConfiguredOf
FNDA:0,JBFundingCycleStore.latestConfiguredOf
DA:112,0
DA:115,0
DA:118,0
FN:137,JBFundingCycleStore.queuedOf
FNDA:0,JBFundingCycleStore.queuedOf
DA:144,0
BRDA:144,0,0,-
BRDA:144,0,1,-
DA:147,0
DA:150,0
BRDA:150,1,0,-
BRDA:150,1,1,-
DA:151,0
DA:153,0
BRDA:153,2,0,-
BRDA:153,2,1,-
DA:156,0
DA:159,0
DA:163,0
BRDA:163,3,0,-
BRDA:163,3,1,-
DA:164,0
DA:168,0
BRDA:168,4,0,-
BRDA:168,4,1,-
DA:172,0
BRDA:172,5,0,-
BRDA:172,5,1,-
DA:175,0
DA:178,0
BRDA:178,6,0,-
BRDA:178,6,1,-
DA:181,0
FN:195,JBFundingCycleStore.currentOf
FNDA:17,JBFundingCycleStore.currentOf
DA:202,17
BRDA:202,7,0,2
BRDA:202,7,1,15
DA:205,15
DA:208,15
DA:211,15
BRDA:211,8,0,15
BRDA:211,8,1,-
DA:213,15
DA:217,15
BRDA:217,9,0,15
BRDA:217,9,1,-
DA:221,0
DA:225,0
DA:228,0
DA:231,0
BRDA:231,10,0,-
BRDA:231,10,1,-
DA:232,0
DA:236,0
BRDA:236,11,0,-
BRDA:236,11,1,-
DA:239,0
DA:242,0
BRDA:242,12,0,-
BRDA:242,12,1,-
DA:245,0
FN:256,JBFundingCycleStore.currentBallotStateOf
FNDA:0,JBFundingCycleStore.currentBallotStateOf
DA:258,0
DA:261,0
DA:263,0
FN:300,JBFundingCycleStore.configureFor
FNDA:2,JBFundingCycleStore.configureFor
DA:307,2
BRDA:307,13,0,-
BRDA:307,13,1,2
DA:310,2
BRDA:310,14,0,-
BRDA:310,14,1,2
DA:313,2
BRDA:313,15,0,-
BRDA:313,15,1,2
DA:316,2
BRDA:316,16,0,2
BRDA:316,16,1,2
DA:319,2
BRDA:319,17,0,-
BRDA:319,17,1,2
DA:322,2
BRDA:322,18,0,-
BRDA:322,18,1,-
DA:323,0
DA:326,0
BRDA:326,19,0,-
BRDA:326,19,1,-
DA:329,0
DA:339,2
DA:342,2
DA:347,2
BRDA:346,20,0,2
BRDA:346,20,1,2
DA:352,2
DA:355,2
DA:358,2
DA:361,2
DA:365,2
BRDA:365,21,0,2
BRDA:365,21,1,2
DA:367,2
DA:370,2
FN:386,JBFundingCycleStore._configureIntrinsicPropertiesFor
FNDA:2,JBFundingCycleStore._configureIntrinsicPropertiesFor
DA:393,2
BRDA:393,22,0,2
BRDA:393,22,1,-
DA:395,2
DA:399,0
DA:402,0
BRDA:402,23,0,-
BRDA:402,23,1,-
DA:404,0
DA:407,0
DA:409,0
BRDA:409,24,0,-
BRDA:409,24,1,-
DA:412,0
DA:415,0
BRDA:415,25,0,-
BRDA:415,25,1,-
DA:419,0
DA:423,0
FN:443,JBFundingCycleStore._initFor
FNDA:2,JBFundingCycleStore._initFor
DA:451,2
BRDA:451,26,0,2
BRDA:451,26,1,-
DA:453,2
DA:456,2
DA:466,0
DA:470,0
DA:475,0
DA:478,0
DA:489,2
DA:491,2
FN:505,JBFundingCycleStore._packAndStoreIntrinsicPropertiesOf
FNDA:2,JBFundingCycleStore._packAndStoreIntrinsicPropertiesOf
DA:514,2
DA:517,2
DA:520,2
DA:523,2
DA:526,2
FN:543,JBFundingCycleStore._standbyOf
FNDA:0,JBFundingCycleStore._standbyOf
DA:545,0
DA:548,0
DA:551,0
BRDA:551,27,0,-
BRDA:551,27,1,-
DA:554,0
BRDA:554,28,0,-
BRDA:554,28,1,-
DA:557,0
DA:561,0
BRDA:560,29,0,-
BRDA:560,29,1,-
DA:563,0
FN:580,JBFundingCycleStore._eligibleOf
FNDA:15,JBFundingCycleStore._eligibleOf
DA:582,15
DA:585,15
DA:590,15
BRDA:589,30,0,-
BRDA:589,30,1,15
DA:591,0
DA:594,15
BRDA:594,31,0,15
BRDA:594,31,1,-
DA:597,0
DA:602,0
BRDA:601,32,0,-
BRDA:601,32,1,-
DA:604,0
DA:607,0
FN:625,JBFundingCycleStore._mockFundingCycleBasedOn
FNDA:0,JBFundingCycleStore._mockFundingCycleBasedOn
DA:632,0
DA:637,0
DA:640,0
DA:642,0
FN:665,JBFundingCycleStore._deriveStartFrom
FNDA:0,JBFundingCycleStore._deriveStartFrom
DA:671,0
BRDA:671,33,0,-
BRDA:671,33,1,-
DA:674,0
DA:677,0
BRDA:677,34,0,-
BRDA:677,34,1,-
DA:680,0
DA:684,0
DA:687,0
FN:699,JBFundingCycleStore._deriveWeightFrom
FNDA:0,JBFundingCycleStore._deriveWeightFrom
DA:705,0
BRDA:705,35,0,-
BRDA:705,35,1,-
DA:706,0
DA:714,0
DA:717,0
BRDA:717,36,0,-
BRDA:717,36,1,-
DA:720,0
DA:723,0
DA:725,0
DA:728,0
DA:731,0
DA:738,0
BRDA:738,37,0,-
BRDA:738,37,1,-
DA:741,0
FN:755,JBFundingCycleStore._deriveNumberFrom
FNDA:0,JBFundingCycleStore._deriveNumberFrom
DA:761,0
BRDA:761,38,0,-
BRDA:761,38,1,-
DA:764,0
DA:767,0
FN:779,JBFundingCycleStore._isApproved
FNDA:15,JBFundingCycleStore._isApproved
DA:784,15
FN:804,JBFundingCycleStore._ballotStateOf
FNDA:15,JBFundingCycleStore._ballotStateOf
DA:811,15
BRDA:811,39,0,15
BRDA:811,39,1,-
DA:814,0
DA:820,0
BRDA:820,40,0,-
BRDA:820,40,1,-
DA:821,0
DA:824,0
FN:836,JBFundingCycleStore._getStructFor
FNDA:36,JBFundingCycleStore._getStructFor
DA:842,36
BRDA:842,41,0,32
BRDA:842,41,1,36
DA:844,32
DA:846,32
DA:849,32
DA:851,32
DA:853,32
DA:855,32
DA:857,32
DA:860,32
DA:862,32
DA:864,32
DA:866,32
FNF:18
FNH:9
LF:138
LH:52
BRF:84
BRH:21
end_of_record
TN:
SF:node_modules/@jbx-protocol/juice-contracts-v3/contracts/JBOperatorStore.sol
FN:57,JBOperatorStore.hasPermission
FNDA:0,JBOperatorStore.hasPermission
DA:63,0
BRDA:63,0,0,-
BRDA:63,0,1,-
DA:65,0
FN:79,JBOperatorStore.hasPermissions
FNDA:0,JBOperatorStore.hasPermissions
DA:85,0
DA:86,0
DA:88,0
BRDA:88,1,0,-
BRDA:88,1,1,-
DA:90,0
BRDA:90,2,0,-
BRDA:90,2,1,-
DA:91,0
DA:94,0
DA:97,0
FN:113,JBOperatorStore.setOperator
FNDA:0,JBOperatorStore.setOperator
DA:115,0
DA:118,0
DA:120,0
FN:138,JBOperatorStore.setOperators
FNDA:0,JBOperatorStore.setOperators
DA:139,0
DA:141,0
DA:144,0
DA:146,0
DA:155,0
FN:172,JBOperatorStore._packedPermissions
FNDA:0,JBOperatorStore._packedPermissions
DA:173,0
DA:174,0
DA:176,0
BRDA:176,3,0,-
BRDA:176,3,1,-
DA:179,0
DA:182,0
FNF:5
FNH:0
LF:22
LH:0
BRF:8
BRH:0
end_of_record
TN:
SF:node_modules/@jbx-protocol/juice-contracts-v3/contracts/JBPrices.sol
FN:57,JBPrices.priceFor
FNDA:0,JBPrices.priceFor
DA:63,0
BRDA:63,0,0,-
BRDA:63,0,1,-
DA:66,0
DA:69,0
BRDA:69,1,0,-
BRDA:69,1,1,-
DA:72,0
DA:75,0
BRDA:75,2,0,-
BRDA:75,2,1,-
DA:76,0
DA:79,0
FN:109,JBPrices.addFeedFor
FNDA:0,JBPrices.addFeedFor
DA:116,0
BRDA:115,3,0,-
BRDA:115,3,1,-
DA:118,0
DA:121,0
DA:123,0
FNF:2
FNH:0
LF:11
LH:0
BRF:8
BRH:0
end_of_record
TN:
SF:node_modules/@jbx-protocol/juice-contracts-v3/contracts/JBProjects.sol
FN:69,JBProjects.tokenURI
FNDA:0,JBProjects.tokenURI
DA:71,0
DA:74,0
BRDA:74,0,0,-
BRDA:74,0,1,-
DA:77,0
FN:89,JBProjects.supportsInterface
FNDA:0,JBProjects.supportsInterface
DA:96,0
FN:134,JBProjects.createFor
FNDA:2,JBProjects.createFor
DA:140,2
DA:143,2
DA:146,2
BRDA:146,1,0,2
BRDA:146,1,1,2
DA:147,2
DA:149,2
FN:165,JBProjects.setMetadataOf
FNDA:0,JBProjects.setMetadataOf
DA:171,0
DA:173,0
FN:182,JBProjects.setTokenUriResolver
FNDA:0,JBProjects.setTokenUriResolver
DA:184,0
DA:186,0
FNF:5
FNH:1
LF:13
LH:5
BRF:4
BRH:2
end_of_record
TN:
SF:node_modules/@jbx-protocol/juice-contracts-v3/contracts/JBSingleTokenPaymentTerminalStore.sol
FN:147,JBSingleTokenPaymentTerminalStore.currentOverflowOf
FNDA:0,JBSingleTokenPaymentTerminalStore.currentOverflowOf
DA:154,0
FN:173,JBSingleTokenPaymentTerminalStore.currentTotalOverflowOf
FNDA:0,JBSingleTokenPaymentTerminalStore.currentTotalOverflowOf
DA:178,0
FN:201,JBSingleTokenPaymentTerminalStore.currentReclaimableOverflowOf
FNDA:0,JBSingleTokenPaymentTerminalStore.currentReclaimableOverflowOf
DA:208,0
DA:212,0
DA:217,0
BRDA:217,0,0,-
BRDA:217,0,1,-
DA:220,0
DA:224,0
BRDA:224,1,0,-
BRDA:224,1,1,-
DA:227,0
FN:251,JBSingleTokenPaymentTerminalStore.currentReclaimableOverflowOf
FNDA:0,JBSingleTokenPaymentTerminalStore.currentReclaimableOverflowOf
DA:258,0
BRDA:258,2,0,-
BRDA:258,2,1,-
DA:261,0
BRDA:261,3,0,-
BRDA:261,3,1,-
DA:264,0
DA:267,0
FN:317,JBSingleTokenPaymentTerminalStore.recordPaymentFrom
FNDA:4,JBSingleTokenPaymentTerminalStore.recordPaymentFrom
DA:337,4
DA:340,4
BRDA:340,4,0,-
BRDA:340,4,1,4
DA:343,4
BRDA:343,5,0,-
BRDA:343,5,1,4
DA:346,4
DA:349,4
BRDA:349,6,0,-
BRDA:349,6,1,4
DA:351,4
DA:363,4
DA:368,0
DA:369,0
DA:375,4
DA:378,4
BRDA:378,7,0,-
BRDA:378,7,1,3
DA:379,3
DA:381,3
DA:384,3
BRDA:384,8,0,-
BRDA:384,8,1,3
DA:386,3
BRDA:386,9,0,-
BRDA:386,9,1,3
DA:389,3
DA:393,3
DA:399,4
BRDA:399,10,0,-
BRDA:399,10,1,4
DA:402,4
BRDA:402,11,0,1
BRDA:402,11,1,4
DA:403,1
DA:409,4
BRDA:409,12,0,3
BRDA:409,12,1,1
DA:412,1
DA:416,1
DA:421,1
FN:445,JBSingleTokenPaymentTerminalStore.recordRedemptionFor
FNDA:0,JBSingleTokenPaymentTerminalStore.recordRedemptionFor
DA:463,0
DA:466,0
BRDA:466,13,0,-
BRDA:466,13,1,-
DA:471,0
DA:472,0
DA:473,0
DA:478,0
DA:481,0
DA:484,0
DA:488,0
DA:498,0
DA:504,0
BRDA:504,14,0,-
BRDA:504,14,1,-
DA:506,0
BRDA:506,15,0,-
BRDA:506,15,1,-
DA:508,0
DA:516,0
DA:520,0
BRDA:520,16,0,-
BRDA:520,16,1,-
DA:524,0
DA:527,0
DA:543,0
DA:548,0
DA:553,0
DA:555,0
BRDA:555,17,0,-
BRDA:555,17,1,-
DA:557,0
DA:559,0
DA:562,0
BRDA:562,18,0,-
BRDA:562,18,1,-
DA:564,0
DA:567,0
DA:573,0
BRDA:573,19,0,-
BRDA:573,19,1,-
DA:574,0
DA:577,0
BRDA:577,20,0,-
BRDA:577,20,1,-
DA:579,0
FN:600,JBSingleTokenPaymentTerminalStore.recordDistributionFor
FNDA:1,JBSingleTokenPaymentTerminalStore.recordDistributionFor
DA:611,1
DA:614,1
BRDA:614,21,0,-
BRDA:614,21,1,1
DA:617,1
DA:622,1
DA:632,1
BRDA:632,22,0,-
BRDA:632,22,1,1
DA:633,0
DA:636,1
BRDA:636,23,0,-
BRDA:636,23,1,1
DA:639,1
DA:642,1
DA:651,1
BRDA:651,24,0,-
BRDA:651,24,1,1
DA:652,0
DA:655,1
DA:661,1
FN:681,JBSingleTokenPaymentTerminalStore.recordUsedAllowanceOf
FNDA:0,JBSingleTokenPaymentTerminalStore.recordUsedAllowanceOf
DA:692,0
DA:695,0
DA:700,0
DA:710,0
BRDA:710,25,0,-
BRDA:710,25,1,-
DA:711,0
DA:714,0
BRDA:714,26,0,-
BRDA:714,26,1,-
DA:717,0
DA:720,0
DA:730,0
BRDA:729,27,0,-
BRDA:729,27,1,-
DA:737,0
DA:740,0
DA:745,0
FN:760,JBSingleTokenPaymentTerminalStore.recordAddedBalanceFor
FNDA:3,JBSingleTokenPaymentTerminalStore.recordAddedBalanceFor
DA:762,3
FN:778,JBSingleTokenPaymentTerminalStore.recordMigration
FNDA:0,JBSingleTokenPaymentTerminalStore.recordMigration
DA:785,0
DA:788,0
BRDA:788,28,0,-
BRDA:788,28,1,-
DA:791,0
DA:794,0
FN:816,JBSingleTokenPaymentTerminalStore._reclaimableOverflowDuring
FNDA:0,JBSingleTokenPaymentTerminalStore._reclaimableOverflowDuring
DA:824,0
BRDA:824,29,0,-
BRDA:824,29,1,-
DA:827,0
DA:833,0
BRDA:833,30,0,-
BRDA:833,30,1,-
DA:836,0
DA:839,0
BRDA:839,31,0,-
BRDA:839,31,1,-
DA:841,0
FN:868,JBSingleTokenPaymentTerminalStore._overflowDuring
FNDA:0,JBSingleTokenPaymentTerminalStore._overflowDuring
DA:875,0
DA:878,0
BRDA:878,32,0,-
BRDA:878,32,1,-
DA:881,0
DA:886,0
DA:890,0
BRDA:890,33,0,-
BRDA:890,33,1,-
DA:891,0
DA:899,0
FN:917,JBSingleTokenPaymentTerminalStore._currentTotalOverflowOf
FNDA:0,JBSingleTokenPaymentTerminalStore._currentTotalOverflowOf
DA:923,0
DA:926,0
DA:929,0
DA:930,0
DA:932,0
DA:937,0
DA:942,0
FNF:13
FNH:3
LF:116
LH:34
BRF:68
BRH:15
end_of_record
TN:
SF:node_modules/@jbx-protocol/juice-contracts-v3/contracts/JBSplitsStore.sol
FN:103,JBSplitsStore.splitsOf
FNDA:1,JBSplitsStore.splitsOf
DA:108,1
FN:147,JBSplitsStore.set
FNDA:3,JBSplitsStore.set
DA:162,3
DA:165,3
DA:167,3
DA:170,3
DA:173,3
FN:194,JBSplitsStore._set
FNDA:3,JBSplitsStore._set
DA:201,3
DA:204,3
DA:207,3
DA:210,0
BRDA:209,0,0,-
BRDA:209,0,1,-
DA:212,0
DA:215,0
DA:220,3
DA:223,3
DA:225,3
DA:227,1
BRDA:227,1,0,-
BRDA:227,1,1,1
DA:230,1
BRDA:230,2,0,-
BRDA:230,2,1,1
DA:233,1
DA:236,1
BRDA:236,3,0,-
BRDA:236,3,1,1
DA:238,1
DA:241,1
BRDA:241,4,0,-
BRDA:241,4,1,1
DA:243,1
BRDA:243,5,0,1
BRDA:243,5,1,1
DA:245,1
DA:247,1
DA:249,1
DA:252,1
DA:255,1
BRDA:255,6,0,-
BRDA:255,6,1,1
DA:257,1
BRDA:257,7,0,-
BRDA:257,7,1,1
DA:260,1
DA:262,1
DA:265,1
DA:268,0
BRDA:268,8,0,-
BRDA:268,8,1,-
DA:269,0
DA:271,1
DA:274,1
DA:279,3
FN:291,JBSplitsStore._includesLocked
FNDA:0,JBSplitsStore._includesLocked
DA:297,0
DA:299,0
DA:302,0
BRDA:301,9,0,-
BRDA:301,9,1,-
DA:310,0
DA:313,0
DA:317,0
FN:330,JBSplitsStore._getStructsFor
FNDA:4,JBSplitsStore._getStructsFor
DA:336,4
DA:339,4
DA:342,4
DA:344,1
DA:347,1
DA:350,1
DA:352,1
DA:354,1
DA:356,1
DA:358,1
DA:361,1
DA:364,1
BRDA:364,10,0,1
BRDA:364,10,1,1
DA:366,1
DA:368,1
DA:372,1
DA:375,1
DA:379,4
FNF:5
FNH:4
LF:59
LH:48
BRF:22
BRH:10
end_of_record
TN:
SF:node_modules/@jbx-protocol/juice-contracts-v3/contracts/JBToken.sol
FN:49,JBToken.totalSupply
FNDA:0,JBToken.totalSupply
DA:52,0
FN:64,JBToken.balanceOf
FNDA:0,JBToken.balanceOf
DA:73,0
FN:86,JBToken.decimals
FNDA:0,JBToken.decimals
DA:87,0
FN:122,JBToken.mint
FNDA:0,JBToken.mint
DA:128,0
BRDA:128,0,0,-
BRDA:128,0,1,-
DA:130,0
FN:144,JBToken.burn
FNDA:0,JBToken.burn
DA:150,0
BRDA:150,1,0,-
BRDA:150,1,1,-
DA:152,0
FN:163,JBToken.approve
FNDA:0,JBToken.approve
DA:169,0
BRDA:169,2,0,-
BRDA:169,2,1,-
DA:171,0
FN:182,JBToken.transfer
FNDA:0,JBToken.transfer
DA:188,0
BRDA:188,3,0,-
BRDA:188,3,1,-
DA:190,0
FN:202,JBToken.transferFrom
FNDA:0,JBToken.transferFrom
DA:209,0
BRDA:209,4,0,-
BRDA:209,4,1,-
DA:211,0
FNF:8
FNH:0
LF:13
LH:0
BRF:10
BRH:0
end_of_record
TN:
SF:node_modules/@jbx-protocol/juice-contracts-v3/contracts/JBTokenStore.sol
FN:112,JBTokenStore.balanceOf
FNDA:2,JBTokenStore.balanceOf
DA:119,2
DA:122,2
DA:125,2
BRDA:125,0,0,-
BRDA:125,0,1,-
FN:140,JBTokenStore.totalSupplyOf
FNDA:3,JBTokenStore.totalSupplyOf
DA:142,8
DA:145,8
DA:148,8
BRDA:148,1,0,-
BRDA:148,1,1,-
FN:191,JBTokenStore.issueFor
FNDA:0,JBTokenStore.issueFor
DA:202,0
BRDA:202,2,0,-
BRDA:202,2,1,-
DA:205,0
BRDA:205,3,0,-
BRDA:205,3,1,-
DA:208,0
BRDA:208,4,0,-
BRDA:208,4,1,-
DA:211,0
DA:214,0
DA:216,0
FN:229,JBTokenStore.setFor
FNDA:0,JBTokenStore.setFor
DA:235,0
BRDA:235,5,0,-
BRDA:235,5,1,-
DA:238,0
BRDA:238,6,0,-
BRDA:238,6,1,-
DA:241,0
BRDA:241,7,0,-
BRDA:241,7,1,-
DA:244,0
DA:246,0
FN:261,JBTokenStore.mintFor
FNDA:5,JBTokenStore.mintFor
DA:268,5
DA:271,5
DA:273,5
BRDA:273,8,0,-
BRDA:273,8,1,-
DA:275,0
DA:278,5
DA:279,5
DA:283,5
BRDA:283,9,0,-
BRDA:283,9,1,5
DA:285,5
FN:300,JBTokenStore.burnFrom
FNDA:2,JBTokenStore.burnFrom
DA:307,2
DA:310,2
DA:313,2
DA:318,2
BRDA:318,10,0,-
BRDA:318,10,1,2
DA:321,2
DA:324,2
BRDA:324,11,0,-
BRDA:324,11,1,-
DA:325,0
BRDA:325,12,0,-
BRDA:325,12,1,-
DA:327,0
DA:331,0
DA:336,2
DA:338,2
DA:342,2
BRDA:342,13,0,2
BRDA:342,13,1,2
DA:344,2
DA:347,2
DA:353,2
BRDA:353,14,0,-
BRDA:353,14,1,-
DA:355,2
FN:377,JBTokenStore.claimFor
FNDA:0,JBTokenStore.claimFor
DA:383,0
DA:386,0
BRDA:386,15,0,-
BRDA:386,15,1,-
DA:389,0
DA:392,0
BRDA:392,16,0,-
BRDA:392,16,1,-
DA:396,0
DA:399,0
DA:403,0
DA:405,0
FN:420,JBTokenStore.transferFrom
FNDA:0,JBTokenStore.transferFrom
DA:427,0
DA:430,0
BRDA:430,17,0,-
BRDA:430,17,1,-
DA:433,0
BRDA:433,18,0,-
BRDA:433,18,1,-
DA:436,0
DA:439,0
BRDA:439,19,0,-
BRDA:439,19,1,-
DA:443,0
DA:447,0
DA:451,0
FNF:8
FNH:4
LF:57
LH:26
BRF:40
BRH:4
end_of_record
TN:
SF:node_modules/@jbx-protocol/juice-contracts-v3/contracts/abstract/JBOperatable.sol
FN:93,JBOperatable._requirePermission
FNDA:0,JBOperatable._requirePermission
DA:99,0
BRDA:98,0,0,-
BRDA:98,0,1,-
DA:102,0
FN:114,JBOperatable._requirePermissionAllowingOverride
FNDA:14,JBOperatable._requirePermissionAllowingOverride
DA:121,14
BRDA:120,1,0,-
BRDA:120,1,1,14
DA:125,0
FNF:2
FNH:1
LF:4
LH:1
BRF:4
BRH:1
end_of_record
TN:
SF:node_modules/@jbx-protocol/juice-contracts-v3/contracts/abstract/JBPayoutRedemptionPaymentTerminal.sol
FN:197,JBPayoutRedemptionPaymentTerminal.currentEthOverflowOf
FNDA:0,JBPayoutRedemptionPaymentTerminal.currentEthOverflowOf
DA:205,0
DA:208,0
DA:213,0
FN:231,JBPayoutRedemptionPaymentTerminal.heldFeesOf
FNDA:0,JBPayoutRedemptionPaymentTerminal.heldFeesOf
DA:232,0
FN:248,JBPayoutRedemptionPaymentTerminal.supportsInterface
FNDA:0,JBPayoutRedemptionPaymentTerminal.supportsInterface
DA:255,0
FN:343,JBPayoutRedemptionPaymentTerminal.pay
FNDA:4,JBPayoutRedemptionPaymentTerminal.pay
DA:356,4
BRDA:356,0,0,-
BRDA:356,0,1,-
DA:357,0
BRDA:357,1,0,-
BRDA:357,1,1,-
DA:360,0
DA:363,0
DA:366,0
DA:369,4
DA:371,4
FN:402,JBPayoutRedemptionPaymentTerminal.redeemTokensOf
FNDA:0,JBPayoutRedemptionPaymentTerminal.redeemTokensOf
DA:420,0
FN:454,JBPayoutRedemptionPaymentTerminal.distributePayoutsOf
FNDA:1,JBPayoutRedemptionPaymentTerminal.distributePayoutsOf
DA:464,1
FN:487,JBPayoutRedemptionPaymentTerminal.useAllowanceOf
FNDA:0,JBPayoutRedemptionPaymentTerminal.useAllowanceOf
DA:504,0
FN:519,JBPayoutRedemptionPaymentTerminal.migrate
FNDA:0,JBPayoutRedemptionPaymentTerminal.migrate
DA:527,0
BRDA:527,2,0,-
BRDA:527,2,1,-
DA:530,0
DA:533,0
BRDA:533,3,0,-
BRDA:533,3,1,-
DA:535,0
DA:538,0
DA:541,0
DA:544,0
FN:557,JBPayoutRedemptionPaymentTerminal.addToBalanceOf
FNDA:3,JBPayoutRedemptionPaymentTerminal.addToBalanceOf
DA:567,3
BRDA:567,4,0,-
BRDA:567,4,1,-
DA:569,0
BRDA:569,5,0,-
BRDA:569,5,1,-
DA:572,0
DA:575,0
DA:578,0
DA:581,3
DA:584,3
FN:596,JBPayoutRedemptionPaymentTerminal.processFees
FNDA:0,JBPayoutRedemptionPaymentTerminal.processFees
DA:608,0
DA:611,0
DA:614,0
DA:617,0
DA:619,0
DA:626,0
DA:628,0
DA:631,0
FN:645,JBPayoutRedemptionPaymentTerminal.setFee
FNDA:0,JBPayoutRedemptionPaymentTerminal.setFee
DA:647,0
BRDA:647,6,0,-
BRDA:647,6,1,-
DA:650,0
DA:652,0
FN:664,JBPayoutRedemptionPaymentTerminal.setFeeGauge
FNDA:0,JBPayoutRedemptionPaymentTerminal.setFeeGauge
DA:666,0
DA:668,0
FN:681,JBPayoutRedemptionPaymentTerminal.setFeelessAddress
FNDA:0,JBPayoutRedemptionPaymentTerminal.setFeelessAddress
DA:683,0
DA:685,0
FN:700,JBPayoutRedemptionPaymentTerminal._transferFrom
FNDA:0,JBPayoutRedemptionPaymentTerminal._transferFrom
FN:717,JBPayoutRedemptionPaymentTerminal._beforeTransferTo
FNDA:4,JBPayoutRedemptionPaymentTerminal._beforeTransferTo
FN:739,JBPayoutRedemptionPaymentTerminal._redeemTokensOf
FNDA:0,JBPayoutRedemptionPaymentTerminal._redeemTokensOf
DA:749,0
BRDA:749,7,0,-
BRDA:749,7,1,-
DA:753,0
DA:757,0
DA:760,0
DA:769,0
BRDA:769,8,0,-
BRDA:769,8,1,-
DA:772,0
BRDA:772,9,0,-
BRDA:772,9,1,-
DA:773,0
DA:782,0
BRDA:782,10,0,-
BRDA:782,10,1,-
DA:784,0
DA:786,0
DA:798,0
DA:800,0
DA:802,0
DA:805,0
DA:808,0
DA:811,0
BRDA:811,11,0,-
BRDA:811,11,1,-
DA:814,0
DA:816,0
DA:818,0
DA:825,0
DA:832,0
BRDA:832,12,0,-
BRDA:832,12,1,-
DA:834,0
FN:869,JBPayoutRedemptionPaymentTerminal._distributePayoutsOf
FNDA:1,JBPayoutRedemptionPaymentTerminal._distributePayoutsOf
DA:877,1
DA:884,1
BRDA:884,13,0,-
BRDA:884,13,1,1
DA:888,1
DA:892,1
DA:898,1
DA:903,1
DA:906,1
DA:910,1
DA:918,0
BRDA:918,14,0,-
BRDA:918,14,1,-
DA:921,0
DA:926,0
DA:937,0
BRDA:937,15,0,-
BRDA:937,15,1,-
DA:939,0
DA:944,0
DA:948,0
FN:981,JBPayoutRedemptionPaymentTerminal._useAllowanceOf
FNDA:0,JBPayoutRedemptionPaymentTerminal._useAllowanceOf
DA:990,0
DA:997,0
BRDA:997,16,0,-
BRDA:997,16,1,-
DA:1002,0
DA:1005,0
DA:1009,0
DA:1014,0
DA:1020,0
DA:1024,0
BRDA:1024,17,0,-
BRDA:1024,17,1,-
DA:1025,0
DA:1028,0
FN:1054,JBPayoutRedemptionPaymentTerminal._distributeToPayoutSplitsOf
FNDA:1,JBPayoutRedemptionPaymentTerminal._distributeToPayoutSplitsOf
DA:1062,1
DA:1064,1
DA:1067,1
DA:1070,1
DA:1072,1
DA:1075,1
DA:1080,1
DA:1083,1
DA:1085,1
BRDA:1085,18,0,-
BRDA:1085,18,1,-
DA:1088,1
BRDA:1088,19,0,1
BRDA:1088,19,1,-
DA:1091,1
BRDA:1090,20,0,-
BRDA:1090,20,1,1
DA:1094,0
DA:1098,1
DA:1102,1
DA:1106,1
DA:1109,1
DA:1120,1
DA:1123,0
BRDA:1123,21,0,-
BRDA:1123,21,1,-
DA:1125,0
DA:1128,0
BRDA:1128,22,0,-
BRDA:1128,22,1,-
DA:1131,0
BRDA:1131,23,0,-
BRDA:1131,23,1,-
DA:1133,0
DA:1136,0
DA:1137,0
DA:1140,0
BRDA:1140,24,0,-
BRDA:1140,24,1,-
DA:1141,0
DA:1143,0
DA:1156,0
BRDA:1155,25,0,-
BRDA:1155,25,1,-
DA:1158,0
DA:1162,0
DA:1165,0
DA:1169,0
DA:1172,0
DA:1175,0
DA:1176,0
DA:1179,0
BRDA:1179,26,0,-
BRDA:1179,26,1,-
DA:1180,0
DA:1188,0
DA:1201,0
DA:1207,0
BRDA:1207,27,0,-
BRDA:1207,27,1,-
DA:1208,0
DA:1212,0
DA:1215,0
DA:1219,0
DA:1224,0
DA:1228,0
DA:1238,0
FN:1255,JBPayoutRedemptionPaymentTerminal._takeFeeFrom
FNDA:0,JBPayoutRedemptionPaymentTerminal._takeFeeFrom
DA:1262,0
DA:1264,0
BRDA:1264,28,0,-
BRDA:1264,28,1,-
DA:1266,0
DA:1268,0
DA:1271,0
DA:1273,0
FN:1284,JBPayoutRedemptionPaymentTerminal._processFee
FNDA:0,JBPayoutRedemptionPaymentTerminal._processFee
DA:1286,0
DA:1289,0
BRDA:1289,29,0,-
BRDA:1289,29,1,-
DA:1290,0
DA:1302,0
DA:1305,0
DA:1308,0
FN:1336,JBPayoutRedemptionPaymentTerminal._pay
FNDA:4,JBPayoutRedemptionPaymentTerminal._pay
DA:1347,4
BRDA:1347,30,0,-
BRDA:1347,30,1,4
DA:1351,4
DA:1355,4
DA:1356,4
DA:1359,4
DA:1362,4
DA:1373,4
BRDA:1373,31,0,-
BRDA:1373,31,1,1
DA:1375,1
DA:1385,4
BRDA:1385,32,0,-
BRDA:1385,32,1,4
DA:1388,4
BRDA:1388,33,0,-
BRDA:1388,33,1,3
DA:1390,3
DA:1392,3
DA:1406,3
DA:1408,3
DA:1410,3
DA:1413,3
DA:1416,3
DA:1419,3
BRDA:1419,34,0,3
BRDA:1419,34,1,3
DA:1422,3
DA:1424,3
DA:1426,3
DA:1434,3
DA:1440,4
FN:1464,JBPayoutRedemptionPaymentTerminal._addToBalanceOf
FNDA:3,JBPayoutRedemptionPaymentTerminal._addToBalanceOf
DA:1472,3
DA:1475,3
DA:1477,3
FN:1489,JBPayoutRedemptionPaymentTerminal._refundHeldFees
FNDA:3,JBPayoutRedemptionPaymentTerminal._refundHeldFees
DA:1494,3
DA:1497,3
DA:1500,3
DA:1503,3
DA:1506,3
DA:1507,0
BRDA:1507,35,0,-
BRDA:1507,35,1,-
DA:1508,0
BRDA:1508,36,0,-
BRDA:1508,36,1,-
DA:1510,0
DA:1511,0
DA:1519,0
DA:1527,0
DA:1529,0
DA:1533,0
DA:1537,3
FN:1550,JBPayoutRedemptionPaymentTerminal._feeAmount
FNDA:1,JBPayoutRedemptionPaymentTerminal._feeAmount
DA:1556,1
DA:1560,1
FN:1572,JBPayoutRedemptionPaymentTerminal._currentFeeDiscount
FNDA:1,JBPayoutRedemptionPaymentTerminal._currentFeeDiscount
DA:1575,1
BRDA:1574,37,0,-
BRDA:1574,37,1,1
DA:1577,0
DA:1580,1
BRDA:1580,38,0,-
BRDA:1580,38,1,-
DA:1582,0
DA:1589,1
FNF:26
FNH:11
LF:197
LH:68
BRF:78
BRH:10
end_of_record
TN:
SF:node_modules/@jbx-protocol/juice-contracts-v3/contracts/abstract/JBSingleTokenPaymentTerminal.sol
FN:55,JBSingleTokenPaymentTerminal.acceptsToken
FNDA:1,JBSingleTokenPaymentTerminal.acceptsToken
DA:58,1
FN:69,JBSingleTokenPaymentTerminal.decimalsForToken
FNDA:0,JBSingleTokenPaymentTerminal.decimalsForToken
DA:72,0
FN:83,JBSingleTokenPaymentTerminal.currencyForToken
FNDA:0,JBSingleTokenPaymentTerminal.currencyForToken
DA:86,0
FN:102,JBSingleTokenPaymentTerminal.supportsInterface
FNDA:0,JBSingleTokenPaymentTerminal.supportsInterface
DA:109,0
FNF:4
FNH:1
LF:4
LH:1
BRF:0
BRH:0
end_of_record
TN:
SF:node_modules/@jbx-protocol/juice-contracts-v3/contracts/libraries/JBFixedPointNumber.sol
FN:5,JBFixedPointNumber.adjustDecimals
FNDA:0,JBFixedPointNumber.adjustDecimals
DA:11,0
BRDA:11,0,0,-
BRDA:11,0,1,-
DA:12,0
BRDA:12,1,0,-
BRDA:12,1,1,-
DA:13,0
FNF:1
FNH:0
LF:3
LH:0
BRF:4
BRH:0
end_of_record
TN:
SF:node_modules/@jbx-protocol/juice-contracts-v3/contracts/libraries/JBFundingCycleMetadataResolver.sol
FN:11,JBFundingCycleMetadataResolver.global
FNDA:0,JBFundingCycleMetadataResolver.global
DA:16,0
FN:19,JBFundingCycleMetadataResolver.reservedRate
FNDA:0,JBFundingCycleMetadataResolver.reservedRate
DA:20,0
FN:23,JBFundingCycleMetadataResolver.redemptionRate
FNDA:0,JBFundingCycleMetadataResolver.redemptionRate
DA:25,0
FN:28,JBFundingCycleMetadataResolver.ballotRedemptionRate
FNDA:0,JBFundingCycleMetadataResolver.ballotRedemptionRate
DA:34,0
FN:37,JBFundingCycleMetadataResolver.payPaused
FNDA:0,JBFundingCycleMetadataResolver.payPaused
DA:38,0
FN:41,JBFundingCycleMetadataResolver.distributionsPaused
FNDA:0,JBFundingCycleMetadataResolver.distributionsPaused
DA:42,0
FN:45,JBFundingCycleMetadataResolver.redeemPaused
FNDA:0,JBFundingCycleMetadataResolver.redeemPaused
DA:46,0
FN:49,JBFundingCycleMetadataResolver.burnPaused
FNDA:0,JBFundingCycleMetadataResolver.burnPaused
DA:50,0
FN:53,JBFundingCycleMetadataResolver.mintingAllowed
FNDA:0,JBFundingCycleMetadataResolver.mintingAllowed
DA:54,0
FN:57,JBFundingCycleMetadataResolver.terminalMigrationAllowed
FNDA:0,JBFundingCycleMetadataResolver.terminalMigrationAllowed
DA:62,0
FN:65,JBFundingCycleMetadataResolver.controllerMigrationAllowed
FNDA:0,JBFundingCycleMetadataResolver.controllerMigrationAllowed
DA:70,0
FN:73,JBFundingCycleMetadataResolver.shouldHoldFees
FNDA:0,JBFundingCycleMetadataResolver.shouldHoldFees
DA:74,0
FN:77,JBFundingCycleMetadataResolver.preferClaimedTokenOverride
FNDA:0,JBFundingCycleMetadataResolver.preferClaimedTokenOverride
DA:82,0
FN:85,JBFundingCycleMetadataResolver.useTotalOverflowForRedemptions
FNDA:0,JBFundingCycleMetadataResolver.useTotalOverflowForRedemptions
DA:90,0
FN:93,JBFundingCycleMetadataResolver.useDataSourceForPay
FNDA:0,JBFundingCycleMetadataResolver.useDataSourceForPay
DA:94,0
FN:97,JBFundingCycleMetadataResolver.useDataSourceForRedeem
FNDA:0,JBFundingCycleMetadataResolver.useDataSourceForRedeem
DA:102,0
FN:105,JBFundingCycleMetadataResolver.dataSource
FNDA:0,JBFundingCycleMetadataResolver.dataSource
DA:106,0
FN:109,JBFundingCycleMetadataResolver.metadata
FNDA:0,JBFundingCycleMetadataResolver.metadata
DA:110,0
FN:121,JBFundingCycleMetadataResolver.packFundingCycleMetadata
FNDA:0,JBFundingCycleMetadataResolver.packFundingCycleMetadata
DA:127,0
DA:129,0
DA:133,0
DA:136,0
DA:139,0
DA:141,0
BRDA:141,0,0,-
BRDA:141,0,1,-
DA:143,0
BRDA:143,1,0,-
BRDA:143,1,1,-
DA:145,0
BRDA:145,2,0,-
BRDA:145,2,1,-
DA:147,0
BRDA:147,3,0,-
BRDA:147,3,1,-
DA:149,0
BRDA:149,4,0,-
BRDA:149,4,1,-
DA:151,0
BRDA:151,5,0,-
BRDA:151,5,1,-
DA:153,0
BRDA:153,6,0,-
BRDA:153,6,1,-
DA:155,0
BRDA:155,7,0,-
BRDA:155,7,1,-
DA:157,0
BRDA:157,8,0,-
BRDA:157,8,1,-
DA:159,0
BRDA:159,9,0,-
BRDA:159,9,1,-
DA:161,0
BRDA:161,10,0,-
BRDA:161,10,1,-
DA:163,0
BRDA:163,11,0,-
BRDA:163,11,1,-
DA:165,0
DA:167,0
FN:178,JBFundingCycleMetadataResolver.expandMetadata
FNDA:0,JBFundingCycleMetadataResolver.expandMetadata
DA:183,0
FNF:20
FNH:0
LF:38
LH:0
BRF:24
BRH:0
end_of_record
TN:
SF:node_modules/@jbx-protocol/juice-contracts-v3/contracts/libraries/JBGlobalFundingCycleMetadataResolver.sol
FN:7,JBGlobalFundingCycleMetadataResolver.setTerminalsAllowed
FNDA:0,JBGlobalFundingCycleMetadataResolver.setTerminalsAllowed
DA:8,0
FN:11,JBGlobalFundingCycleMetadataResolver.setControllerAllowed
FNDA:0,JBGlobalFundingCycleMetadataResolver.setControllerAllowed
DA:12,0
FN:15,JBGlobalFundingCycleMetadataResolver.transfersPaused
FNDA:0,JBGlobalFundingCycleMetadataResolver.transfersPaused
DA:16,0
FN:27,JBGlobalFundingCycleMetadataResolver.packFundingCycleGlobalMetadata
FNDA:0,JBGlobalFundingCycleMetadataResolver.packFundingCycleGlobalMetadata
DA:33,0
BRDA:33,0,0,-
BRDA:33,0,1,-
DA:35,0
BRDA:35,1,0,-
BRDA:35,1,1,-
DA:37,0
BRDA:37,2,0,-
BRDA:37,2,1,-
FN:48,JBGlobalFundingCycleMetadataResolver.expandMetadata
FNDA:0,JBGlobalFundingCycleMetadataResolver.expandMetadata
DA:53,0
FNF:5
FNH:0
LF:7
LH:0
BRF:6
BRH:0
end_of_record
TN:
SF:node_modules/@openzeppelin/contracts/access/Ownable.sol
FN:43,Ownable.owner
FNDA:0,Ownable.owner
DA:44,0
FN:50,Ownable._checkOwner
FNDA:0,Ownable._checkOwner
DA:51,0
BRDA:51,0,0,-
BRDA:51,0,1,-
FN:61,Ownable.renounceOwnership
FNDA:0,Ownable.renounceOwnership
DA:62,0
FN:69,Ownable.transferOwnership
FNDA:0,Ownable.transferOwnership
DA:70,0
BRDA:70,1,0,-
BRDA:70,1,1,-
DA:71,0
FN:78,Ownable._transferOwnership
FNDA:0,Ownable._transferOwnership
DA:79,0
DA:80,0
DA:81,0
FNF:5
FNH:0
LF:8
LH:0
BRF:4
BRH:0
end_of_record
TN:
SF:node_modules/@openzeppelin/contracts/governance/utils/Votes.sol
FN:47,Votes.getVotes
FNDA:0,Votes.getVotes
DA:48,0
FN:58,Votes.getPastVotes
FNDA:0,Votes.getPastVotes
DA:59,0
FN:73,Votes.getPastTotalSupply
FNDA:0,Votes.getPastTotalSupply
DA:74,0
BRDA:74,0,0,-
BRDA:74,0,1,-
DA:75,0
FN:81,Votes._getTotalSupply
FNDA:0,Votes._getTotalSupply
DA:82,0
FN:88,Votes.delegates
FNDA:0,Votes.delegates
DA:89,4
FN:95,Votes.delegate
FNDA:0,Votes.delegate
DA:96,0
DA:97,0
FN:103,Votes.delegateBySig
FNDA:0,Votes.delegateBySig
DA:111,0
BRDA:111,1,0,-
BRDA:111,1,1,-
DA:112,0
DA:118,0
BRDA:118,2,0,-
BRDA:118,2,1,-
DA:119,0
FN:127,Votes._delegate
FNDA:0,Votes._delegate
DA:128,0
DA:129,0
DA:131,0
DA:132,0
FN:139,Votes._transferVotingUnits
FNDA:2,Votes._transferVotingUnits
DA:144,2
BRDA:144,3,0,2
BRDA:144,3,1,2
DA:145,2
DA:147,2
BRDA:147,4,0,-
BRDA:147,4,1,2
DA:148,0
DA:150,2
FN:156,Votes._moveDelegateVotes
FNDA:2,Votes._moveDelegateVotes
DA:161,2
BRDA:161,5,0,-
BRDA:161,5,1,-
DA:162,0
BRDA:162,6,0,-
BRDA:162,6,1,-
DA:163,0
DA:164,0
DA:166,0
BRDA:166,7,0,-
BRDA:166,7,1,-
DA:167,0
DA:168,0
FN:173,Votes._add
FNDA:2,Votes._add
DA:174,2
FN:177,Votes._subtract
FNDA:0,Votes._subtract
DA:178,0
FN:186,Votes._useNonce
FNDA:0,Votes._useNonce
DA:187,0
DA:188,0
DA:189,0
FN:195,Votes.nonces
FNDA:0,Votes.nonces
DA:196,0
FN:203,Votes.DOMAIN_SEPARATOR
FNDA:0,Votes.DOMAIN_SEPARATOR
DA:204,0
FNF:15
FNH:3
LF:35
LH:7
BRF:16
BRH:3
end_of_record
TN:
SF:node_modules/@openzeppelin/contracts/security/ReentrancyGuard.sol
FN:56,ReentrancyGuard._nonReentrantBefore
FNDA:5,ReentrancyGuard._nonReentrantBefore
DA:58,5
BRDA:58,0,0,-
BRDA:58,0,1,5
DA:61,5
FN:64,ReentrancyGuard._nonReentrantAfter
FNDA:5,ReentrancyGuard._nonReentrantAfter
DA:67,5
FNF:2
FNH:2
LF:3
LH:3
BRF:2
BRH:1
end_of_record
TN:
SF:node_modules/@openzeppelin/contracts/token/ERC20/ERC20.sol
FN:62,ERC20.name
FNDA:0,ERC20.name
DA:63,0
FN:70,ERC20.symbol
FNDA:0,ERC20.symbol
DA:71,0
FN:87,ERC20.decimals
FNDA:0,ERC20.decimals
DA:88,0
FN:94,ERC20.totalSupply
FNDA:0,ERC20.totalSupply
DA:95,0
FN:101,ERC20.balanceOf
FNDA:0,ERC20.balanceOf
DA:102,0
FN:113,ERC20.transfer
FNDA:0,ERC20.transfer
DA:114,0
DA:115,0
DA:116,0
FN:122,ERC20.allowance
FNDA:0,ERC20.allowance
DA:123,0
FN:136,ERC20.approve
FNDA:0,ERC20.approve
DA:137,0
DA:138,0
DA:139,0
FN:158,ERC20.transferFrom
FNDA:0,ERC20.transferFrom
DA:163,0
DA:164,0
DA:165,0
DA:166,0
FN:181,ERC20.increaseAllowance
FNDA:0,ERC20.increaseAllowance
DA:182,0
DA:183,0
DA:184,0
FN:201,ERC20.decreaseAllowance
FNDA:0,ERC20.decreaseAllowance
DA:202,0
DA:203,0
DA:204,0
BRDA:204,0,0,-
BRDA:204,0,1,-
DA:206,0
DA:209,0
FN:226,ERC20._transfer
FNDA:0,ERC20._transfer
DA:231,0
BRDA:231,1,0,-
BRDA:231,1,1,-
DA:232,0
BRDA:232,2,0,-
BRDA:232,2,1,-
DA:234,0
DA:236,0
DA:237,0
BRDA:237,3,0,-
BRDA:237,3,1,-
DA:239,0
DA:242,0
DA:245,0
DA:247,0
FN:259,ERC20._mint
FNDA:0,ERC20._mint
DA:260,0
BRDA:260,4,0,-
BRDA:260,4,1,-
DA:262,0
DA:264,0
DA:267,0
DA:269,0
DA:271,0
FN:285,ERC20._burn
FNDA:0,ERC20._burn
DA:286,0
BRDA:286,5,0,-
BRDA:286,5,1,-
DA:288,0
DA:290,0
DA:291,0
BRDA:291,6,0,-
BRDA:291,6,1,-
DA:293,0
DA:295,0
DA:298,0
DA:300,0
FN:316,ERC20._approve
FNDA:0,ERC20._approve
DA:321,0
BRDA:321,7,0,-
BRDA:321,7,1,-
DA:322,0
BRDA:322,8,0,-
BRDA:322,8,1,-
DA:324,0
DA:325,0
FN:336,ERC20._spendAllowance
FNDA:0,ERC20._spendAllowance
DA:341,0
DA:342,0
BRDA:342,9,0,-
BRDA:342,9,1,-
DA:343,0
BRDA:343,10,0,-
BRDA:343,10,1,-
DA:345,0
FN:364,ERC20._beforeTokenTransfer
FNDA:0,ERC20._beforeTokenTransfer
FN:384,ERC20._afterTokenTransfer
FNDA:0,ERC20._afterTokenTransfer
FNF:18
FNH:0
LF:55
LH:0
BRF:22
BRH:0
end_of_record
TN:
SF:node_modules/@openzeppelin/contracts/token/ERC20/extensions/ERC20Votes.sol
FN:43,ERC20Votes.checkpoints
FNDA:0,ERC20Votes.checkpoints
DA:44,0
FN:50,ERC20Votes.numCheckpoints
FNDA:0,ERC20Votes.numCheckpoints
DA:51,0
FN:57,ERC20Votes.delegates
FNDA:0,ERC20Votes.delegates
DA:58,0
FN:64,ERC20Votes.getVotes
FNDA:0,ERC20Votes.getVotes
DA:65,0
DA:66,0
FN:76,ERC20Votes.getPastVotes
FNDA:0,ERC20Votes.getPastVotes
DA:77,0
BRDA:77,0,0,-
BRDA:77,0,1,-
DA:78,0
FN:89,ERC20Votes.getPastTotalSupply
FNDA:0,ERC20Votes.getPastTotalSupply
DA:90,0
BRDA:90,1,0,-
BRDA:90,1,1,-
DA:91,0
FN:97,ERC20Votes._checkpointsLookup
FNDA:0,ERC20Votes._checkpointsLookup
DA:110,0
DA:112,0
DA:113,0
DA:115,0
BRDA:115,2,0,-
BRDA:115,2,1,-
DA:116,0
DA:117,0
BRDA:117,3,0,-
BRDA:117,3,1,-
DA:118,0
DA:120,0
DA:124,0
DA:125,0
DA:126,0
BRDA:126,4,0,-
BRDA:126,4,1,-
DA:127,0
DA:129,0
DA:133,0
FN:139,ERC20Votes.delegate
FNDA:0,ERC20Votes.delegate
DA:140,0
FN:146,ERC20Votes.delegateBySig
FNDA:0,ERC20Votes.delegateBySig
DA:154,0
BRDA:154,5,0,-
BRDA:154,5,1,-
DA:155,0
DA:161,0
BRDA:161,6,0,-
BRDA:161,6,1,-
DA:162,0
FN:168,ERC20Votes._maxSupply
FNDA:0,ERC20Votes._maxSupply
DA:169,0
FN:175,ERC20Votes._mint
FNDA:0,ERC20Votes._mint
DA:176,0
DA:177,0
BRDA:177,7,0,-
BRDA:177,7,1,-
DA:179,0
FN:185,ERC20Votes._burn
FNDA:0,ERC20Votes._burn
DA:186,0
DA:188,0
FN:196,ERC20Votes._afterTokenTransfer
FNDA:0,ERC20Votes._afterTokenTransfer
DA:201,0
DA:203,0
FN:211,ERC20Votes._delegate
FNDA:0,ERC20Votes._delegate
DA:212,0
DA:213,0
DA:214,0
DA:216,0
DA:218,0
FN:221,ERC20Votes._moveVotingPower
FNDA:0,ERC20Votes._moveVotingPower
DA:226,0
BRDA:226,8,0,-
BRDA:226,8,1,-
DA:227,0
BRDA:227,9,0,-
BRDA:227,9,1,-
DA:228,0
DA:229,0
DA:232,0
BRDA:232,10,0,-
BRDA:232,10,1,-
DA:233,0
DA:234,0
FN:239,ERC20Votes._writeCheckpoint
FNDA:0,ERC20Votes._writeCheckpoint
DA:244,0
DA:246,0
DA:248,0
DA:249,0
DA:251,0
BRDA:251,11,0,-
BRDA:251,11,1,-
DA:252,0
DA:254,0
FN:258,ERC20Votes._add
FNDA:0,ERC20Votes._add
DA:259,0
FN:262,ERC20Votes._subtract
FNDA:0,ERC20Votes._subtract
DA:263,0
FN:266,ERC20Votes._unsafeAccess
FNDA:0,ERC20Votes._unsafeAccess
DA:269,0
FNF:19
FNH:0
LF:58
LH:0
BRF:24
BRH:0
end_of_record
TN:
SF:node_modules/@openzeppelin/contracts/token/ERC20/extensions/draft-ERC20Permit.sol
FN:49,ERC20Permit.permit
FNDA:0,ERC20Permit.permit
DA:58,0
BRDA:58,0,0,-
BRDA:58,0,1,-
DA:60,0
DA:62,0
DA:64,0
DA:65,0
BRDA:65,1,0,-
BRDA:65,1,1,-
DA:67,0
FN:73,ERC20Permit.nonces
FNDA:0,ERC20Permit.nonces
DA:74,0
FN:81,ERC20Permit.DOMAIN_SEPARATOR
FNDA:0,ERC20Permit.DOMAIN_SEPARATOR
DA:82,0
FN:90,ERC20Permit._useNonce
FNDA:0,ERC20Permit._useNonce
DA:91,0
DA:92,0
DA:93,0
FNF:4
FNH:0
LF:11
LH:0
BRF:4
BRH:0
end_of_record
TN:
SF:node_modules/@openzeppelin/contracts/token/ERC721/ERC721.sol
FN:52,ERC721.supportsInterface
FNDA:0,ERC721.supportsInterface
DA:53,0
FN:62,ERC721.balanceOf
FNDA:0,ERC721.balanceOf
DA:63,0
BRDA:63,0,0,-
BRDA:63,0,1,-
DA:64,0
FN:70,ERC721.ownerOf
FNDA:13,ERC721.ownerOf
DA:71,13
DA:72,13
BRDA:72,1,0,-
BRDA:72,1,1,13
DA:73,13
FN:79,ERC721.name
FNDA:0,ERC721.name
DA:80,0
FN:86,ERC721.symbol
FNDA:0,ERC721.symbol
DA:87,0
FN:93,ERC721.tokenURI
FNDA:0,ERC721.tokenURI
DA:94,0
DA:96,0
DA:97,0
FN:105,ERC721._baseURI
FNDA:0,ERC721._baseURI
DA:106,0
FN:112,ERC721.approve
FNDA:0,ERC721.approve
DA:113,0
DA:114,0
BRDA:114,2,0,-
BRDA:114,2,1,-
DA:116,0
BRDA:116,3,0,-
BRDA:116,3,1,-
DA:121,0
FN:127,ERC721.getApproved
FNDA:0,ERC721.getApproved
DA:128,0
DA:130,0
FN:136,ERC721.setApprovalForAll
FNDA:0,ERC721.setApprovalForAll
DA:137,0
FN:143,ERC721.isApprovedForAll
FNDA:0,ERC721.isApprovedForAll
DA:144,0
FN:150,ERC721.transferFrom
FNDA:0,ERC721.transferFrom
DA:156,0
BRDA:156,4,0,-
BRDA:156,4,1,-
DA:158,0
FN:164,ERC721.safeTransferFrom
FNDA:0,ERC721.safeTransferFrom
DA:169,0
FN:175,ERC721.safeTransferFrom
FNDA:0,ERC721.safeTransferFrom
DA:181,0
BRDA:181,5,0,-
BRDA:181,5,1,-
DA:182,0
FN:203,ERC721._safeTransfer
FNDA:0,ERC721._safeTransfer
DA:209,0
DA:210,0
BRDA:210,6,0,-
BRDA:210,6,1,-
FN:216,ERC721._ownerOf
FNDA:17,ERC721._ownerOf
DA:217,17
FN:228,ERC721._exists
FNDA:4,ERC721._exists
DA:229,4
FN:239,ERC721._isApprovedOrOwner
FNDA:0,ERC721._isApprovedOrOwner
DA:240,0
DA:241,0
FN:254,ERC721._safeMint
FNDA:2,ERC721._safeMint
DA:255,2
FN:262,ERC721._safeMint
FNDA:2,ERC721._safeMint
DA:267,2
DA:268,2
BRDA:268,7,0,-
BRDA:268,7,1,2
FN:286,ERC721._mint
FNDA:2,ERC721._mint
DA:287,2
BRDA:287,8,0,-
BRDA:287,8,1,2
DA:288,2
BRDA:288,9,0,-
BRDA:288,9,1,2
DA:290,2
DA:293,2
BRDA:293,10,0,-
BRDA:293,10,1,2
DA:300,2
DA:303,2
DA:305,2
DA:307,2
FN:321,ERC721._burn
FNDA:0,ERC721._burn
DA:322,0
DA:324,0
DA:327,0
DA:330,0
DA:335,0
DA:337,0
DA:339,0
DA:341,0
FN:355,ERC721._transfer
FNDA:0,ERC721._transfer
DA:360,0
BRDA:360,11,0,-
BRDA:360,11,1,-
DA:361,0
BRDA:361,12,0,-
BRDA:361,12,1,-
DA:363,0
DA:366,0
BRDA:366,13,0,-
BRDA:366,13,1,-
DA:369,0
DA:377,0
DA:378,0
DA:380,0
DA:382,0
DA:384,0
FN:392,ERC721._approve
FNDA:0,ERC721._approve
DA:393,0
DA:394,0
FN:402,ERC721._setApprovalForAll
FNDA:0,ERC721._setApprovalForAll
DA:407,0
BRDA:407,14,0,-
BRDA:407,14,1,-
DA:408,0
DA:409,0
FN:415,ERC721._requireMinted
FNDA:0,ERC721._requireMinted
DA:416,0
BRDA:416,15,0,-
BRDA:416,15,1,-
FN:429,ERC721._checkOnERC721Received
FNDA:2,ERC721._checkOnERC721Received
DA:435,2
BRDA:435,16,0,-
BRDA:435,16,1,-
DA:436,0
DA:449,2
FN:467,ERC721._beforeTokenTransfer
FNDA:2,ERC721._beforeTokenTransfer
DA:473,2
BRDA:473,17,0,-
BRDA:473,17,1,-
DA:474,0
BRDA:474,18,0,-
BRDA:474,18,1,-
DA:475,0
DA:477,0
BRDA:477,19,0,-
BRDA:477,19,1,-
DA:478,0
FN:497,ERC721._afterTokenTransfer
FNDA:2,ERC721._afterTokenTransfer
FNF:29
FNH:9
LF:74
LH:19
BRF:40
BRH:5
end_of_record
TN:
SF:node_modules/@openzeppelin/contracts/token/ERC721/extensions/ERC721Votes.sol
FN:25,ERC721Votes._afterTokenTransfer
FNDA:2,ERC721Votes._afterTokenTransfer
DA:31,2
DA:32,2
FN:38,ERC721Votes._getVotingUnits
FNDA:0,ERC721Votes._getVotingUnits
DA:39,0
FNF:2
FNH:1
LF:3
LH:2
BRF:0
BRH:0
end_of_record
TN:
SF:node_modules/@openzeppelin/contracts/utils/Address.sol
FN:36,Address.isContract
FNDA:0,Address.isContract
DA:41,0
FN:60,Address.sendValue
FNDA:0,Address.sendValue
DA:61,0
BRDA:61,0,0,-
BRDA:61,0,1,-
DA:63,0
DA:64,0
BRDA:64,1,0,-
BRDA:64,1,1,-
FN:85,Address.functionCall
FNDA:0,Address.functionCall
DA:86,0
FN:95,Address.functionCall
FNDA:0,Address.functionCall
DA:100,0
FN:114,Address.functionCallWithValue
FNDA:0,Address.functionCallWithValue
DA:119,0
FN:128,Address.functionCallWithValue
FNDA:0,Address.functionCallWithValue
DA:134,0
BRDA:134,2,0,-
BRDA:134,2,1,-
DA:135,0
DA:136,0
FN:145,Address.functionStaticCall
FNDA:0,Address.functionStaticCall
DA:146,0
FN:155,Address.functionStaticCall
FNDA:0,Address.functionStaticCall
DA:160,0
DA:161,0
FN:170,Address.functionDelegateCall
FNDA:0,Address.functionDelegateCall
DA:171,0
FN:180,Address.functionDelegateCall
FNDA:0,Address.functionDelegateCall
DA:185,0
DA:186,0
FN:195,Address.verifyCallResultFromTarget
FNDA:0,Address.verifyCallResultFromTarget
DA:201,0
BRDA:201,3,0,-
BRDA:201,3,1,-
DA:202,0
BRDA:202,4,0,-
BRDA:202,4,1,-
DA:205,0
BRDA:205,5,0,-
BRDA:205,5,1,-
DA:207,0
DA:209,0
FN:219,Address.verifyCallResult
FNDA:0,Address.verifyCallResult
DA:224,0
BRDA:224,6,0,-
BRDA:224,6,1,-
DA:225,0
DA:227,0
FN:231,Address._revert
FNDA:0,Address._revert
DA:233,0
BRDA:233,7,0,-
BRDA:233,7,1,-
DA:241,0
FNF:13
FNH:0
LF:26
LH:0
BRF:16
BRH:0
end_of_record
TN:
SF:node_modules/@openzeppelin/contracts/utils/Checkpoints.sol
FN:33,Checkpoints.getAtBlock
FNDA:0,Checkpoints.getAtBlock
DA:34,0
BRDA:34,0,0,-
BRDA:34,0,1,-
DA:35,0
DA:37,0
DA:38,0
DA:39,0
FN:48,Checkpoints.getAtProbablyRecentBlock
FNDA:0,Checkpoints.getAtProbablyRecentBlock
DA:49,0
BRDA:49,1,0,-
BRDA:49,1,1,-
DA:50,0
DA:52,0
DA:54,0
DA:55,0
DA:57,0
BRDA:57,2,0,-
BRDA:57,2,1,-
DA:58,0
DA:59,0
BRDA:59,3,0,-
BRDA:59,3,1,-
DA:60,0
DA:62,0
DA:66,0
DA:68,0
FN:76,Checkpoints.push
FNDA:0,Checkpoints.push
DA:77,0
FN:86,Checkpoints.push
FNDA:0,Checkpoints.push
DA:91,0
FN:97,Checkpoints.latest
FNDA:0,Checkpoints.latest
DA:98,0
DA:99,0
FN:106,Checkpoints.latestCheckpoint
FNDA:0,Checkpoints.latestCheckpoint
DA:115,0
DA:116,0
BRDA:116,4,0,-
BRDA:116,4,1,-
DA:117,0
DA:119,0
DA:120,0
FN:127,Checkpoints.length
FNDA:0,Checkpoints.length
DA:128,0
FN:135,Checkpoints._insert
FNDA:0,Checkpoints._insert
DA:140,0
DA:142,0
BRDA:142,5,0,-
BRDA:142,5,1,-
DA:144,0
DA:147,0
BRDA:147,6,0,-
BRDA:147,6,1,-
DA:150,0
BRDA:150,7,0,-
BRDA:150,7,1,-
DA:151,0
DA:153,0
DA:155,0
DA:157,0
DA:158,0
FN:168,Checkpoints._upperBinaryLookup
FNDA:0,Checkpoints._upperBinaryLookup
DA:174,0
DA:175,0
DA:176,0
BRDA:176,8,0,-
BRDA:176,8,1,-
DA:177,0
DA:179,0
DA:182,0
FN:191,Checkpoints._lowerBinaryLookup
FNDA:0,Checkpoints._lowerBinaryLookup
DA:197,0
DA:198,0
DA:199,0
BRDA:199,9,0,-
BRDA:199,9,1,-
DA:200,0
DA:202,0
DA:205,0
FN:208,Checkpoints._unsafeAccess
FNDA:0,Checkpoints._unsafeAccess
DA:211,0
FN:229,Checkpoints.push
FNDA:0,Checkpoints.push
DA:234,0
FN:240,Checkpoints.lowerLookup
FNDA:0,Checkpoints.lowerLookup
DA:241,0
DA:242,0
DA:243,0
FN:249,Checkpoints.upperLookup
FNDA:0,Checkpoints.upperLookup
DA:250,0
DA:251,0
DA:252,0
FN:258,Checkpoints.latest
FNDA:0,Checkpoints.latest
DA:259,0
DA:260,0
FN:267,Checkpoints.latestCheckpoint
FNDA:0,Checkpoints.latestCheckpoint
DA:276,0
DA:277,0
BRDA:277,10,0,-
BRDA:277,10,1,-
DA:278,0
DA:280,0
DA:281,0
FN:288,Checkpoints.length
FNDA:0,Checkpoints.length
DA:289,0
FN:296,Checkpoints._insert
FNDA:0,Checkpoints._insert
DA:301,0
DA:303,0
BRDA:303,11,0,-
BRDA:303,11,1,-
DA:305,0
DA:308,0
BRDA:308,12,0,-
BRDA:308,12,1,-
DA:311,0
BRDA:311,13,0,-
BRDA:311,13,1,-
DA:312,0
DA:314,0
DA:316,0
DA:318,0
DA:319,0
FN:329,Checkpoints._upperBinaryLookup
FNDA:0,Checkpoints._upperBinaryLookup
DA:335,0
DA:336,0
DA:337,0
BRDA:337,14,0,-
BRDA:337,14,1,-
DA:338,0
DA:340,0
DA:343,0
FN:352,Checkpoints._lowerBinaryLookup
FNDA:0,Checkpoints._lowerBinaryLookup
DA:358,0
DA:359,0
DA:360,0
BRDA:360,15,0,-
BRDA:360,15,1,-
DA:361,0
DA:363,0
DA:366,0
FN:369,Checkpoints._unsafeAccess
FNDA:0,Checkpoints._unsafeAccess
DA:376,0
FN:394,Checkpoints.push
FNDA:0,Checkpoints.push
DA:399,0
FN:405,Checkpoints.lowerLookup
FNDA:0,Checkpoints.lowerLookup
DA:406,0
DA:407,0
DA:408,0
FN:414,Checkpoints.upperLookup
FNDA:0,Checkpoints.upperLookup
DA:415,0
DA:416,0
DA:417,0
FN:423,Checkpoints.latest
FNDA:0,Checkpoints.latest
DA:424,0
DA:425,0
FN:432,Checkpoints.latestCheckpoint
FNDA:0,Checkpoints.latestCheckpoint
DA:441,0
DA:442,0
BRDA:442,16,0,-
BRDA:442,16,1,-
DA:443,0
DA:445,0
DA:446,0
FN:453,Checkpoints.length
FNDA:0,Checkpoints.length
DA:454,0
FN:461,Checkpoints._insert
FNDA:0,Checkpoints._insert
DA:466,0
DA:468,0
BRDA:468,17,0,-
BRDA:468,17,1,-
DA:470,0
DA:473,0
BRDA:473,18,0,-
BRDA:473,18,1,-
DA:476,0
BRDA:476,19,0,-
BRDA:476,19,1,-
DA:477,0
DA:479,0
DA:481,0
DA:483,0
DA:484,0
FN:494,Checkpoints._upperBinaryLookup
FNDA:0,Checkpoints._upperBinaryLookup
DA:500,0
DA:501,0
DA:502,0
BRDA:502,20,0,-
BRDA:502,20,1,-
DA:503,0
DA:505,0
DA:508,0
FN:517,Checkpoints._lowerBinaryLookup
FNDA:0,Checkpoints._lowerBinaryLookup
DA:523,0
DA:524,0
DA:525,0
BRDA:525,21,0,-
BRDA:525,21,1,-
DA:526,0
DA:528,0
DA:531,0
FN:534,Checkpoints._unsafeAccess
FNDA:0,Checkpoints._unsafeAccess
DA:541,0
FNF:31
FNH:0
LF:126
LH:0
BRF:44
BRH:0
end_of_record
TN:
SF:node_modules/@openzeppelin/contracts/utils/Context.sol
FN:17,Context._msgSender
FNDA:0,Context._msgSender
DA:18,0
FN:21,Context._msgData
FNDA:0,Context._msgData
DA:22,0
FNF:2
FNH:0
LF:2
LH:0
BRF:0
BRH:0
end_of_record
TN:
SF:node_modules/@openzeppelin/contracts/utils/Counters.sol
FN:22,Counters.current
FNDA:0,Counters.current
DA:23,0
FN:26,Counters.increment
FNDA:0,Counters.increment
DA:28,0
FN:32,Counters.decrement
FNDA:0,Counters.decrement
DA:33,0
DA:34,0
BRDA:34,0,0,-
BRDA:34,0,1,-
DA:36,0
FN:40,Counters.reset
FNDA:0,Counters.reset
DA:41,0
FNF:4
FNH:0
LF:6
LH:0
BRF:2
BRH:0
end_of_record
TN:
SF:node_modules/@openzeppelin/contracts/utils/Strings.sol
FN:18,Strings.toString
FNDA:0,Strings.toString
DA:20,0
DA:21,0
DA:22,0
DA:25,0
DA:28,0
DA:33,0
DA:34,0
BRDA:34,0,0,-
BRDA:34,0,1,-
DA:36,0
FN:43,Strings.toHexString
FNDA:0,Strings.toHexString
DA:45,0
FN:52,Strings.toHexString
FNDA:0,Strings.toHexString
DA:53,0
DA:54,0
DA:55,0
DA:56,0
DA:57,0
DA:58,0
DA:60,0
BRDA:60,1,0,-
BRDA:60,1,1,-
DA:61,0
FN:67,Strings.toHexString
FNDA:0,Strings.toHexString
DA:68,0
FNF:4
FNH:0
LF:18
LH:0
BRF:4
BRH:0
end_of_record
TN:
SF:node_modules/@openzeppelin/contracts/utils/cryptography/ECDSA.sol
FN:23,ECDSA._throwError
FNDA:0,ECDSA._throwError
DA:24,0
BRDA:24,0,0,-
BRDA:24,0,1,-
DA:25,0
DA:26,0
BRDA:26,1,0,-
BRDA:26,1,1,-
DA:27,0
DA:28,0
BRDA:28,2,0,-
BRDA:28,2,1,-
DA:29,0
DA:30,0
BRDA:30,3,0,-
BRDA:30,3,1,-
DA:31,0
FN:55,ECDSA.tryRecover
FNDA:0,ECDSA.tryRecover
DA:56,0
BRDA:56,4,0,-
BRDA:56,4,1,-
DA:57,0
DA:58,0
DA:59,0
DA:64,0
DA:65,0
DA:66,0
DA:68,0
DA:70,0
FN:88,ECDSA.recover
FNDA:0,ECDSA.recover
DA:89,0
DA:90,0
DA:91,0
FN:101,ECDSA.tryRecover
FNDA:0,ECDSA.tryRecover
DA:106,0
DA:107,0
DA:108,0
FN:116,ECDSA.recover
FNDA:0,ECDSA.recover
DA:121,0
DA:122,0
DA:123,0
FN:132,ECDSA.tryRecover
FNDA:0,ECDSA.tryRecover
DA:147,0
BRDA:147,5,0,-
BRDA:147,5,1,-
DA:148,0
DA:152,0
DA:153,0
BRDA:153,6,0,-
BRDA:153,6,1,-
DA:154,0
DA:157,0
FN:164,ECDSA.recover
FNDA:0,ECDSA.recover
DA:170,0
DA:171,0
DA:172,0
FN:183,ECDSA.toEthSignedMessageHash
FNDA:0,ECDSA.toEthSignedMessageHash
DA:186,0
FN:197,ECDSA.toEthSignedMessageHash
FNDA:0,ECDSA.toEthSignedMessageHash
DA:198,0
FN:210,ECDSA.toTypedDataHash
FNDA:0,ECDSA.toTypedDataHash
DA:211,0
FNF:10
FNH:0
LF:38
LH:0
BRF:14
BRH:0
end_of_record
TN:
SF:node_modules/@openzeppelin/contracts/utils/cryptography/EIP712.sol
FN:70,EIP712._domainSeparatorV4
FNDA:0,EIP712._domainSeparatorV4
DA:71,0
BRDA:71,0,0,-
BRDA:71,0,1,-
DA:72,0
DA:74,0
FN:78,EIP712._buildDomainSeparator
FNDA:0,EIP712._buildDomainSeparator
DA:83,0
FN:101,EIP712._hashTypedDataV4
FNDA:0,EIP712._hashTypedDataV4
DA:102,0
FNF:3
FNH:0
LF:5
LH:0
BRF:2
BRH:0
end_of_record
TN:
SF:node_modules/@openzeppelin/contracts/utils/introspection/ERC165.sol
FN:26,ERC165.supportsInterface
FNDA:0,ERC165.supportsInterface
DA:27,0
FNF:1
FNH:0
LF:1
LH:0
BRF:0
BRH:0
end_of_record
TN:
SF:node_modules/@openzeppelin/contracts/utils/math/Math.sol
FN:19,Math.max
FNDA:0,Math.max
DA:20,0
FN:26,Math.min
FNDA:0,Math.min
DA:27,0
FN:34,Math.average
FNDA:0,Math.average
DA:36,0
FN:45,Math.ceilDiv
FNDA:0,Math.ceilDiv
DA:47,0
FN:55,Math.mulDiv
FNDA:0,Math.mulDiv
DA:64,0
DA:65,0
DA:68,0
DA:69,0
DA:73,0
BRDA:73,0,0,-
BRDA:73,0,1,-
DA:74,0
DA:78,0
BRDA:78,1,0,-
BRDA:78,1,1,-
DA:85,0
DA:88,0
DA:91,0
DA:92,0
DA:99,0
DA:102,0
DA:105,0
DA:108,0
DA:112,0
DA:117,0
DA:121,0
DA:122,0
DA:123,0
DA:124,0
DA:125,0
DA:126,0
DA:132,0
DA:133,0
FN:140,Math.mulDiv
FNDA:0,Math.mulDiv
DA:146,0
DA:147,0
BRDA:147,2,0,-
BRDA:147,2,1,-
DA:148,0
DA:150,0
FN:158,Math.sqrt
FNDA:0,Math.sqrt
DA:159,0
BRDA:159,3,0,-
BRDA:159,3,1,-
DA:160,0
DA:173,0
DA:180,0
DA:181,0
DA:182,0
DA:183,0
DA:184,0
DA:185,0
DA:186,0
DA:187,0
FN:194,Math.sqrt
FNDA:0,Math.sqrt
DA:196,0
DA:197,0
FN:205,Math.log2
FNDA:0,Math.log2
DA:206,0
DA:208,0
BRDA:208,4,0,-
BRDA:208,4,1,-
DA:209,0
DA:210,0
DA:212,0
BRDA:212,5,0,-
BRDA:212,5,1,-
DA:213,0
DA:214,0
DA:216,0
BRDA:216,6,0,-
BRDA:216,6,1,-
DA:217,0
DA:218,0
DA:220,0
BRDA:220,7,0,-
BRDA:220,7,1,-
DA:221,0
DA:222,0
DA:224,0
BRDA:224,8,0,-
BRDA:224,8,1,-
DA:225,0
DA:226,0
DA:228,0
BRDA:228,9,0,-
BRDA:228,9,1,-
DA:229,0
DA:230,0
DA:232,0
BRDA:232,10,0,-
BRDA:232,10,1,-
DA:233,0
DA:234,0
DA:236,0
BRDA:236,11,0,-
BRDA:236,11,1,-
DA:237,0
DA:240,0
FN:247,Math.log2
FNDA:0,Math.log2
DA:249,0
DA:250,0
FN:258,Math.log10
FNDA:0,Math.log10
DA:259,0
DA:261,0
BRDA:261,12,0,-
BRDA:261,12,1,-
DA:262,0
DA:263,0
DA:265,0
BRDA:265,13,0,-
BRDA:265,13,1,-
DA:266,0
DA:267,0
DA:269,0
BRDA:269,14,0,-
BRDA:269,14,1,-
DA:270,0
DA:271,0
DA:273,0
BRDA:273,15,0,-
BRDA:273,15,1,-
DA:274,0
DA:275,0
DA:277,0
BRDA:277,16,0,-
BRDA:277,16,1,-
DA:278,0
DA:279,0
DA:281,0
BRDA:281,17,0,-
BRDA:281,17,1,-
DA:282,0
DA:283,0
DA:285,0
BRDA:285,18,0,-
BRDA:285,18,1,-
DA:286,0
DA:289,0
FN:296,Math.log10
FNDA:0,Math.log10
DA:298,0
DA:299,0
FN:309,Math.log256
FNDA:0,Math.log256
DA:310,0
DA:312,0
BRDA:312,19,0,-
BRDA:312,19,1,-
DA:313,0
DA:314,0
DA:316,0
BRDA:316,20,0,-
BRDA:316,20,1,-
DA:317,0
DA:318,0
DA:320,0
BRDA:320,21,0,-
BRDA:320,21,1,-
DA:321,0
DA:322,0
DA:324,0
BRDA:324,22,0,-
BRDA:324,22,1,-
DA:325,0
DA:326,0
DA:328,0
BRDA:328,23,0,-
BRDA:328,23,1,-
DA:329,0
DA:332,0
FN:339,Math.log256
FNDA:0,Math.log256
DA:341,0
DA:342,0
FNF:14
FNH:0
LF:115
LH:0
BRF:48
BRH:0
end_of_record
TN:
SF:node_modules/@openzeppelin/contracts/utils/math/SafeCast.sol
FN:35,SafeCast.toUint248
FNDA:0,SafeCast.toUint248
DA:36,0
BRDA:36,0,0,-
BRDA:36,0,1,-
DA:37,0
FN:52,SafeCast.toUint240
FNDA:0,SafeCast.toUint240
DA:53,0
BRDA:53,1,0,-
BRDA:53,1,1,-
DA:54,0
FN:69,SafeCast.toUint232
FNDA:0,SafeCast.toUint232
DA:70,0
BRDA:70,2,0,-
BRDA:70,2,1,-
DA:71,0
FN:86,SafeCast.toUint224
FNDA:0,SafeCast.toUint224
DA:87,0
BRDA:87,3,0,-
BRDA:87,3,1,-
DA:88,0
FN:103,SafeCast.toUint216
FNDA:0,SafeCast.toUint216
DA:104,0
BRDA:104,4,0,-
BRDA:104,4,1,-
DA:105,0
FN:120,SafeCast.toUint208
FNDA:0,SafeCast.toUint208
DA:121,0
BRDA:121,5,0,-
BRDA:121,5,1,-
DA:122,0
FN:137,SafeCast.toUint200
FNDA:0,SafeCast.toUint200
DA:138,0
BRDA:138,6,0,-
BRDA:138,6,1,-
DA:139,0
FN:154,SafeCast.toUint192
FNDA:0,SafeCast.toUint192
DA:155,0
BRDA:155,7,0,-
BRDA:155,7,1,-
DA:156,0
FN:171,SafeCast.toUint184
FNDA:0,SafeCast.toUint184
DA:172,0
BRDA:172,8,0,-
BRDA:172,8,1,-
DA:173,0
FN:188,SafeCast.toUint176
FNDA:0,SafeCast.toUint176
DA:189,0
BRDA:189,9,0,-
BRDA:189,9,1,-
DA:190,0
FN:205,SafeCast.toUint168
FNDA:0,SafeCast.toUint168
DA:206,0
BRDA:206,10,0,-
BRDA:206,10,1,-
DA:207,0
FN:222,SafeCast.toUint160
FNDA:0,SafeCast.toUint160
DA:223,0
BRDA:223,11,0,-
BRDA:223,11,1,-
DA:224,0
FN:239,SafeCast.toUint152
FNDA:0,SafeCast.toUint152
DA:240,0
BRDA:240,12,0,-
BRDA:240,12,1,-
DA:241,0
FN:256,SafeCast.toUint144
FNDA:0,SafeCast.toUint144
DA:257,0
BRDA:257,13,0,-
BRDA:257,13,1,-
DA:258,0
FN:273,SafeCast.toUint136
FNDA:0,SafeCast.toUint136
DA:274,0
BRDA:274,14,0,-
BRDA:274,14,1,-
DA:275,0
FN:290,SafeCast.toUint128
FNDA:0,SafeCast.toUint128
DA:291,0
BRDA:291,15,0,-
BRDA:291,15,1,-
DA:292,0
FN:307,SafeCast.toUint120
FNDA:0,SafeCast.toUint120
DA:308,0
BRDA:308,16,0,-
BRDA:308,16,1,-
DA:309,0
FN:324,SafeCast.toUint112
FNDA:0,SafeCast.toUint112
DA:325,0
BRDA:325,17,0,-
BRDA:325,17,1,-
DA:326,0
FN:341,SafeCast.toUint104
FNDA:0,SafeCast.toUint104
DA:342,0
BRDA:342,18,0,-
BRDA:342,18,1,-
DA:343,0
FN:358,SafeCast.toUint96
FNDA:0,SafeCast.toUint96
DA:359,0
BRDA:359,19,0,-
BRDA:359,19,1,-
DA:360,0
FN:375,SafeCast.toUint88
FNDA:0,SafeCast.toUint88
DA:376,0
BRDA:376,20,0,-
BRDA:376,20,1,-
DA:377,0
FN:392,SafeCast.toUint80
FNDA:0,SafeCast.toUint80
DA:393,0
BRDA:393,21,0,-
BRDA:393,21,1,-
DA:394,0
FN:409,SafeCast.toUint72
FNDA:0,SafeCast.toUint72
DA:410,0
BRDA:410,22,0,-
BRDA:410,22,1,-
DA:411,0
FN:426,SafeCast.toUint64
FNDA:0,SafeCast.toUint64
DA:427,0
BRDA:427,23,0,-
BRDA:427,23,1,-
DA:428,0
FN:443,SafeCast.toUint56
FNDA:0,SafeCast.toUint56
DA:444,0
BRDA:444,24,0,-
BRDA:444,24,1,-
DA:445,0
FN:460,SafeCast.toUint48
FNDA:0,SafeCast.toUint48
DA:461,0
BRDA:461,25,0,-
BRDA:461,25,1,-
DA:462,0
FN:477,SafeCast.toUint40
FNDA:0,SafeCast.toUint40
DA:478,0
BRDA:478,26,0,-
BRDA:478,26,1,-
DA:479,0
FN:494,SafeCast.toUint32
FNDA:0,SafeCast.toUint32
DA:495,0
BRDA:495,27,0,-
BRDA:495,27,1,-
DA:496,0
FN:511,SafeCast.toUint24
FNDA:0,SafeCast.toUint24
DA:512,0
BRDA:512,28,0,-
BRDA:512,28,1,-
DA:513,0
FN:528,SafeCast.toUint16
FNDA:0,SafeCast.toUint16
DA:529,0
BRDA:529,29,0,-
BRDA:529,29,1,-
DA:530,0
FN:545,SafeCast.toUint8
FNDA:0,SafeCast.toUint8
DA:546,0
BRDA:546,30,0,-
BRDA:546,30,1,-
DA:547,0
FN:559,SafeCast.toUint256
FNDA:0,SafeCast.toUint256
DA:560,0
BRDA:560,31,0,-
BRDA:560,31,1,-
DA:561,0
FN:577,SafeCast.toInt248
FNDA:0,SafeCast.toInt248
DA:578,0
DA:579,0
BRDA:579,32,0,-
BRDA:579,32,1,-
FN:595,SafeCast.toInt240
FNDA:0,SafeCast.toInt240
DA:596,0
DA:597,0
BRDA:597,33,0,-
BRDA:597,33,1,-
FN:613,SafeCast.toInt232
FNDA:0,SafeCast.toInt232
DA:614,0
DA:615,0
BRDA:615,34,0,-
BRDA:615,34,1,-
FN:631,SafeCast.toInt224
FNDA:0,SafeCast.toInt224
DA:632,0
DA:633,0
BRDA:633,35,0,-
BRDA:633,35,1,-
FN:649,SafeCast.toInt216
FNDA:0,SafeCast.toInt216
DA:650,0
DA:651,0
BRDA:651,36,0,-
BRDA:651,36,1,-
FN:667,SafeCast.toInt208
FNDA:0,SafeCast.toInt208
DA:668,0
DA:669,0
BRDA:669,37,0,-
BRDA:669,37,1,-
FN:685,SafeCast.toInt200
FNDA:0,SafeCast.toInt200
DA:686,0
DA:687,0
BRDA:687,38,0,-
BRDA:687,38,1,-
FN:703,SafeCast.toInt192
FNDA:0,SafeCast.toInt192
DA:704,0
DA:705,0
BRDA:705,39,0,-
BRDA:705,39,1,-
FN:721,SafeCast.toInt184
FNDA:0,SafeCast.toInt184
DA:722,0
DA:723,0
BRDA:723,40,0,-
BRDA:723,40,1,-
FN:739,SafeCast.toInt176
FNDA:0,SafeCast.toInt176
DA:740,0
DA:741,0
BRDA:741,41,0,-
BRDA:741,41,1,-
FN:757,SafeCast.toInt168
FNDA:0,SafeCast.toInt168
DA:758,0
DA:759,0
BRDA:759,42,0,-
BRDA:759,42,1,-
FN:775,SafeCast.toInt160
FNDA:0,SafeCast.toInt160
DA:776,0
DA:777,0
BRDA:777,43,0,-
BRDA:777,43,1,-
FN:793,SafeCast.toInt152
FNDA:0,SafeCast.toInt152
DA:794,0
DA:795,0
BRDA:795,44,0,-
BRDA:795,44,1,-
FN:811,SafeCast.toInt144
FNDA:0,SafeCast.toInt144
DA:812,0
DA:813,0
BRDA:813,45,0,-
BRDA:813,45,1,-
FN:829,SafeCast.toInt136
FNDA:0,SafeCast.toInt136
DA:830,0
DA:831,0
BRDA:831,46,0,-
BRDA:831,46,1,-
FN:847,SafeCast.toInt128
FNDA:0,SafeCast.toInt128
DA:848,0
DA:849,0
BRDA:849,47,0,-
BRDA:849,47,1,-
FN:865,SafeCast.toInt120
FNDA:0,SafeCast.toInt120
DA:866,0
DA:867,0
BRDA:867,48,0,-
BRDA:867,48,1,-
FN:883,SafeCast.toInt112
FNDA:0,SafeCast.toInt112
DA:884,0
DA:885,0
BRDA:885,49,0,-
BRDA:885,49,1,-
FN:901,SafeCast.toInt104
FNDA:0,SafeCast.toInt104
DA:902,0
DA:903,0
BRDA:903,50,0,-
BRDA:903,50,1,-
FN:919,SafeCast.toInt96
FNDA:0,SafeCast.toInt96
DA:920,0
DA:921,0
BRDA:921,51,0,-
BRDA:921,51,1,-
FN:937,SafeCast.toInt88
FNDA:0,SafeCast.toInt88
DA:938,0
DA:939,0
BRDA:939,52,0,-
BRDA:939,52,1,-
FN:955,SafeCast.toInt80
FNDA:0,SafeCast.toInt80
DA:956,0
DA:957,0
BRDA:957,53,0,-
BRDA:957,53,1,-
FN:973,SafeCast.toInt72
FNDA:0,SafeCast.toInt72
DA:974,0
DA:975,0
BRDA:975,54,0,-
BRDA:975,54,1,-
FN:991,SafeCast.toInt64
FNDA:0,SafeCast.toInt64
DA:992,0
DA:993,0
BRDA:993,55,0,-
BRDA:993,55,1,-
FN:1009,SafeCast.toInt56
FNDA:0,SafeCast.toInt56
DA:1010,0
DA:1011,0
BRDA:1011,56,0,-
BRDA:1011,56,1,-
FN:1027,SafeCast.toInt48
FNDA:0,SafeCast.toInt48
DA:1028,0
DA:1029,0
BRDA:1029,57,0,-
BRDA:1029,57,1,-
FN:1045,SafeCast.toInt40
FNDA:0,SafeCast.toInt40
DA:1046,0
DA:1047,0
BRDA:1047,58,0,-
BRDA:1047,58,1,-
FN:1063,SafeCast.toInt32
FNDA:0,SafeCast.toInt32
DA:1064,0
DA:1065,0
BRDA:1065,59,0,-
BRDA:1065,59,1,-
FN:1081,SafeCast.toInt24
FNDA:0,SafeCast.toInt24
DA:1082,0
DA:1083,0
BRDA:1083,60,0,-
BRDA:1083,60,1,-
FN:1099,SafeCast.toInt16
FNDA:0,SafeCast.toInt16
DA:1100,0
DA:1101,0
BRDA:1101,61,0,-
BRDA:1101,61,1,-
FN:1117,SafeCast.toInt8
FNDA:0,SafeCast.toInt8
DA:1118,0
DA:1119,0
BRDA:1119,62,0,-
BRDA:1119,62,1,-
FN:1131,SafeCast.toInt256
FNDA:0,SafeCast.toInt256
DA:1133,0
BRDA:1133,63,0,-
BRDA:1133,63,1,-
DA:1134,0
FNF:64
FNH:0
LF:128
LH:0
BRF:128
BRH:0
end_of_record
TN:
SF:node_modules/prb-math/contracts/PRBMath.sol
FN:127,PRBMath.exp2
FNDA:0,PRBMath.exp2
DA:130,0
DA:134,0
BRDA:134,0,0,-
BRDA:134,0,1,-
DA:135,0
DA:137,0
BRDA:137,1,0,-
BRDA:137,1,1,-
DA:138,0
DA:140,0
BRDA:140,2,0,-
BRDA:140,2,1,-
DA:141,0
DA:143,0
BRDA:143,3,0,-
BRDA:143,3,1,-
DA:144,0
DA:146,0
BRDA:146,4,0,-
BRDA:146,4,1,-
DA:147,0
DA:149,0
BRDA:149,5,0,-
BRDA:149,5,1,-
DA:150,0
DA:152,0
BRDA:152,6,0,-
BRDA:152,6,1,-
DA:153,0
DA:155,0
BRDA:155,7,0,-
BRDA:155,7,1,-
DA:156,0
DA:158,0
BRDA:158,8,0,-
BRDA:158,8,1,-
DA:159,0
DA:161,0
BRDA:161,9,0,-
BRDA:161,9,1,-
DA:162,0
DA:164,0
BRDA:164,10,0,-
BRDA:164,10,1,-
DA:165,0
DA:167,0
BRDA:167,11,0,-
BRDA:167,11,1,-
DA:168,0
DA:170,0
BRDA:170,12,0,-
BRDA:170,12,1,-
DA:171,0
DA:173,0
BRDA:173,13,0,-
BRDA:173,13,1,-
DA:174,0
DA:176,0
BRDA:176,14,0,-
BRDA:176,14,1,-
DA:177,0
DA:179,0
BRDA:179,15,0,-
BRDA:179,15,1,-
DA:180,0
DA:182,0
BRDA:182,16,0,-
BRDA:182,16,1,-
DA:183,0
DA:185,0
BRDA:185,17,0,-
BRDA:185,17,1,-
DA:186,0
DA:188,0
BRDA:188,18,0,-
BRDA:188,18,1,-
DA:189,0
DA:191,0
BRDA:191,19,0,-
BRDA:191,19,1,-
DA:192,0
DA:194,0
BRDA:194,20,0,-
BRDA:194,20,1,-
DA:195,0
DA:197,0
BRDA:197,21,0,-
BRDA:197,21,1,-
DA:198,0
DA:200,0
BRDA:200,22,0,-
BRDA:200,22,1,-
DA:201,0
DA:203,0
BRDA:203,23,0,-
BRDA:203,23,1,-
DA:204,0
DA:206,0
BRDA:206,24,0,-
BRDA:206,24,1,-
DA:207,0
DA:209,0
BRDA:209,25,0,-
BRDA:209,25,1,-
DA:210,0
DA:212,0
BRDA:212,26,0,-
BRDA:212,26,1,-
DA:213,0
DA:215,0
BRDA:215,27,0,-
BRDA:215,27,1,-
DA:216,0
DA:218,0
BRDA:218,28,0,-
BRDA:218,28,1,-
DA:219,0
DA:221,0
BRDA:221,29,0,-
BRDA:221,29,1,-
DA:222,0
DA:224,0
BRDA:224,30,0,-
BRDA:224,30,1,-
DA:225,0
DA:227,0
BRDA:227,31,0,-
BRDA:227,31,1,-
DA:228,0
DA:230,0
BRDA:230,32,0,-
BRDA:230,32,1,-
DA:231,0
DA:233,0
BRDA:233,33,0,-
BRDA:233,33,1,-
DA:234,0
DA:236,0
BRDA:236,34,0,-
BRDA:236,34,1,-
DA:237,0
DA:239,0
BRDA:239,35,0,-
BRDA:239,35,1,-
DA:240,0
DA:242,0
BRDA:242,36,0,-
BRDA:242,36,1,-
DA:243,0
DA:245,0
BRDA:245,37,0,-
BRDA:245,37,1,-
DA:246,0
DA:248,0
BRDA:248,38,0,-
BRDA:248,38,1,-
DA:249,0
DA:251,0
BRDA:251,39,0,-
BRDA:251,39,1,-
DA:252,0
DA:254,0
BRDA:254,40,0,-
BRDA:254,40,1,-
DA:255,0
DA:257,0
BRDA:257,41,0,-
BRDA:257,41,1,-
DA:258,0
DA:260,0
BRDA:260,42,0,-
BRDA:260,42,1,-
DA:261,0
DA:263,0
BRDA:263,43,0,-
BRDA:263,43,1,-
DA:264,0
DA:266,0
BRDA:266,44,0,-
BRDA:266,44,1,-
DA:267,0
DA:269,0
BRDA:269,45,0,-
BRDA:269,45,1,-
DA:270,0
DA:272,0
BRDA:272,46,0,-
BRDA:272,46,1,-
DA:273,0
DA:275,0
BRDA:275,47,0,-
BRDA:275,47,1,-
DA:276,0
DA:278,0
BRDA:278,48,0,-
BRDA:278,48,1,-
DA:279,0
DA:281,0
BRDA:281,49,0,-
BRDA:281,49,1,-
DA:282,0
DA:284,0
BRDA:284,50,0,-
BRDA:284,50,1,-
DA:285,0
DA:287,0
BRDA:287,51,0,-
BRDA:287,51,1,-
DA:288,0
DA:290,0
BRDA:290,52,0,-
BRDA:290,52,1,-
DA:291,0
DA:293,0
BRDA:293,53,0,-
BRDA:293,53,1,-
DA:294,0
DA:296,0
BRDA:296,54,0,-
BRDA:296,54,1,-
DA:297,0
DA:299,0
BRDA:299,55,0,-
BRDA:299,55,1,-
DA:300,0
DA:302,0
BRDA:302,56,0,-
BRDA:302,56,1,-
DA:303,0
DA:305,0
BRDA:305,57,0,-
BRDA:305,57,1,-
DA:306,0
DA:308,0
BRDA:308,58,0,-
BRDA:308,58,1,-
DA:309,0
DA:311,0
BRDA:311,59,0,-
BRDA:311,59,1,-
DA:312,0
DA:314,0
BRDA:314,60,0,-
BRDA:314,60,1,-
DA:315,0
DA:317,0
BRDA:317,61,0,-
BRDA:317,61,1,-
DA:318,0
DA:320,0
BRDA:320,62,0,-
BRDA:320,62,1,-
DA:321,0
DA:323,0
BRDA:323,63,0,-
BRDA:323,63,1,-
DA:324,0
DA:335,0
DA:336,0
FN:344,PRBMath.mostSignificantBit
FNDA:0,PRBMath.mostSignificantBit
DA:345,0
BRDA:345,64,0,-
BRDA:345,64,1,-
DA:346,0
DA:347,0
DA:349,0
BRDA:349,65,0,-
BRDA:349,65,1,-
DA:350,0
DA:351,0
DA:353,0
BRDA:353,66,0,-
BRDA:353,66,1,-
DA:354,0
DA:355,0
DA:357,0
BRDA:357,67,0,-
BRDA:357,67,1,-
DA:358,0
DA:359,0
DA:361,0
BRDA:361,68,0,-
BRDA:361,68,1,-
DA:362,0
DA:363,0
DA:365,0
BRDA:365,69,0,-
BRDA:365,69,1,-
DA:366,0
DA:367,0
DA:369,0
BRDA:369,70,0,-
BRDA:369,70,1,-
DA:370,0
DA:371,0
DA:373,0
BRDA:373,71,0,-
BRDA:373,71,1,-
DA:375,0
FN:394,PRBMath.mulDiv
FNDA:14,PRBMath.mulDiv
DA:402,14
DA:403,14
DA:406,14
DA:407,14
DA:411,14
BRDA:411,72,0,-
BRDA:411,72,1,14
DA:413,14
DA:415,14
DA:419,0
BRDA:419,73,0,-
BRDA:419,73,1,-
DA:420,0
DA:428,0
DA:431,0
DA:434,0
DA:435,0
DA:442,0
DA:445,0
DA:448,0
DA:451,0
DA:455,0
DA:460,0
DA:464,0
DA:465,0
DA:466,0
DA:467,0
DA:468,0
DA:469,0
DA:475,0
DA:476,0
FN:498,PRBMath.mulDivFixedPoint
FNDA:0,PRBMath.mulDivFixedPoint
DA:499,0
DA:500,0
DA:503,0
DA:504,0
DA:507,0
BRDA:507,74,0,-
BRDA:507,74,1,-
DA:508,0
DA:511,0
DA:512,0
DA:514,0
DA:515,0
DA:518,0
BRDA:518,75,0,-
BRDA:518,75,1,-
DA:520,0
DA:521,0
DA:526,0
FN:551,PRBMath.mulDivSigned
FNDA:0,PRBMath.mulDivSigned
DA:556,0
BRDA:556,76,0,-
BRDA:556,76,1,-
DA:557,0
DA:561,0
DA:562,0
DA:563,0
DA:565,0
DA:566,0
DA:567,0
DA:571,0
DA:572,0
BRDA:572,77,0,-
BRDA:572,77,1,-
DA:573,0
DA:577,0
DA:578,0
DA:579,0
DA:581,0
DA:582,0
DA:583,0
DA:588,0
FN:599,PRBMath.sqrt
FNDA:0,PRBMath.sqrt
DA:600,0
BRDA:600,78,0,-
BRDA:600,78,1,-
DA:601,0
DA:605,0
DA:606,0
DA:607,0
BRDA:607,79,0,-
BRDA:607,79,1,-
DA:608,0
DA:609,0
DA:611,0
BRDA:611,80,0,-
BRDA:611,80,1,-
DA:612,0
DA:613,0
DA:615,0
BRDA:615,81,0,-
BRDA:615,81,1,-
DA:616,0
DA:617,0
DA:619,0
BRDA:619,82,0,-
BRDA:619,82,1,-
DA:620,0
DA:621,0
DA:623,0
BRDA:623,83,0,-
BRDA:623,83,1,-
DA:624,0
DA:625,0
DA:627,0
BRDA:627,84,0,-
BRDA:627,84,1,-
DA:628,0
DA:629,0
DA:631,0
BRDA:631,85,0,-
BRDA:631,85,1,-
DA:632,0
DA:637,0
DA:638,0
DA:639,0
DA:640,0
DA:641,0
DA:642,0
DA:643,0
DA:644,0
DA:645,0
FNF:6
FNH:1
LF:246
LH:7
BRF:172
BRH:1
end_of_record
